2026-04-04T00:02:17.6480993Z 2026-04-04 00:02:17.640 INFO  [parallel-1] [na] c.t.s.s.i.i.w.SimpleHealthController - Root endpoint called
2026-04-04T00:02:47.5385705Z 2026-04-04 00:02:47.478 WARN  [tbx-blocking-334] [na] c.t.s.n.a.email.EmailDispatchService - Graph API failed for reyzongian@outlook.es: GRAPH_API_404: {"error":{"code":"ErrorInvalidUser","message":"The requested user 'admin@inkavoy.pe' is invalid."}}
2026-04-04T00:02:55.9890367Z 2026-04-04 00:02:55.981 ERROR [tbx-blocking-334] [na] c.t.s.n.a.email.EmailDispatchService - No se pudo enviar correo a reyzongian@outlook.es: Authentication failed
2026-04-04T00:02:55.9890807Z org.springframework.mail.MailAuthenticationException: Authentication failed
2026-04-04T00:02:55.9890836Z 	at org.springframework.mail.javamail.JavaMailSenderImpl.doSend(JavaMailSenderImpl.java:402)
2026-04-04T00:02:55.9890854Z 	at org.springframework.mail.javamail.JavaMailSenderImpl.send(JavaMailSenderImpl.java:350)
2026-04-04T00:02:55.9890877Z 	at org.springframework.mail.javamail.JavaMailSender.send(JavaMailSender.java:101)
2026-04-04T00:02:55.9890899Z 	at com.tuempresa.storage.notifications.application.email.EmailDispatchService.sendHtml(EmailDispatchService.java:129)
2026-04-04T00:02:55.9890918Z 	at com.tuempresa.storage.notifications.application.email.EmailOutboxService.enqueue(EmailOutboxService.java:71)
2026-04-04T00:02:55.9891015Z 	at java.base/jdk.internal.reflect.DirectMethodHandleAccessor.invoke(DirectMethodHandleAccessor.java:103)
2026-04-04T00:02:55.9891032Z 	at java.base/java.lang.reflect.Method.invoke(Method.java:580)
2026-04-04T00:02:55.9891049Z 	at org.springframework.aop.support.AopUtils.invokeJoinpointUsingReflection(AopUtils.java:360)
2026-04-04T00:02:55.9891067Z 	at org.springframework.aop.framework.ReflectiveMethodInvocation.invokeJoinpoint(ReflectiveMethodInvocation.java:196)
2026-04-04T00:02:55.9891086Z 	at org.springframework.aop.framework.ReflectiveMethodInvocation.proceed(ReflectiveMethodInvocation.java:163)
2026-04-04T00:02:55.9891105Z 	at org.springframework.transaction.interceptor.TransactionAspectSupport.invokeWithinTransaction(TransactionAspectSupport.java:380)
2026-04-04T00:02:55.9891124Z 	at org.springframework.transaction.interceptor.TransactionInterceptor.invoke(TransactionInterceptor.java:119)
2026-04-04T00:02:55.9891142Z 	at org.springframework.aop.framework.ReflectiveMethodInvocation.proceed(ReflectiveMethodInvocation.java:184)
2026-04-04T00:02:55.9891160Z 	at org.springframework.aop.framework.CglibAopProxy$DynamicAdvisedInterceptor.intercept(CglibAopProxy.java:728)
2026-04-04T00:02:55.9891196Z 	at com.tuempresa.storage.notifications.application.email.EmailOutboxService$$SpringCGLIB$$0.enqueue(<generated>)
2026-04-04T00:02:55.9891215Z 	at com.tuempresa.storage.notifications.application.email.CustomerEmailService.send(CustomerEmailService.java:400)
2026-04-04T00:02:55.9891234Z 	at com.tuempresa.storage.notifications.application.email.CustomerEmailService.sendReservationCreated(CustomerEmailService.java:63)
2026-04-04T00:02:55.9891253Z 	at com.tuempresa.storage.reservations.application.usecase.ReservationService.createReservation(ReservationService.java:287)
2026-04-04T00:02:55.9891271Z 	at com.tuempresa.storage.reservations.application.usecase.ReservationService.create(ReservationService.java:137)
2026-04-04T00:02:55.9891289Z 	at java.base/jdk.internal.reflect.DirectMethodHandleAccessor.invoke(DirectMethodHandleAccessor.java:103)
2026-04-04T00:02:55.9891305Z 	at java.base/java.lang.reflect.Method.invoke(Method.java:580)
2026-04-04T00:02:55.9891322Z 	at org.springframework.aop.support.AopUtils.invokeJoinpointUsingReflection(AopUtils.java:360)
2026-04-04T00:02:55.9891340Z 	at org.springframework.aop.framework.ReflectiveMethodInvocation.invokeJoinpoint(ReflectiveMethodInvocation.java:196)
2026-04-04T00:02:55.9891357Z 	at org.springframework.aop.framework.ReflectiveMethodInvocation.proceed(ReflectiveMethodInvocation.java:163)
2026-04-04T00:02:55.9891392Z 	at org.springframework.transaction.interceptor.TransactionAspectSupport.invokeWithinTransaction(TransactionAspectSupport.java:380)
2026-04-04T00:02:55.9891409Z 	at org.springframework.transaction.interceptor.TransactionInterceptor.invoke(TransactionInterceptor.java:119)
2026-04-04T00:02:55.9891427Z 	at org.springframework.aop.framework.ReflectiveMethodInvocation.proceed(ReflectiveMethodInvocation.java:184)
2026-04-04T00:02:55.9891444Z 	at org.springframework.aop.framework.CglibAopProxy$DynamicAdvisedInterceptor.intercept(CglibAopProxy.java:728)
2026-04-04T00:02:55.9891462Z 	at com.tuempresa.storage.reservations.application.usecase.ReservationService$$SpringCGLIB$$0.create(<generated>)
2026-04-04T00:02:55.9891480Z 	at com.tuempresa.storage.reservations.infrastructure.in.web.ReservationController.lambda$create$0(ReservationController.java:62)
2026-04-04T00:02:55.9891496Z 	at reactor.core.publisher.MonoCallable.call(MonoCallable.java:72)
2026-04-04T00:02:55.9891514Z 	at reactor.core.publisher.FluxSubscribeOnCallable$CallableSubscribeOnSubscription.run(FluxSubscribeOnCallable.java:228)
2026-04-04T00:02:55.9891531Z 	at reactor.core.scheduler.SchedulerTask.call(SchedulerTask.java:68)
2026-04-04T00:02:55.9891562Z 	at reactor.core.scheduler.SchedulerTask.call(SchedulerTask.java:28)
2026-04-04T00:02:55.9891579Z 	at java.base/java.util.concurrent.FutureTask.run(FutureTask.java:317)
2026-04-04T00:02:55.9891596Z 	at java.base/java.util.concurrent.ScheduledThreadPoolExecutor$ScheduledFutureTask.run(ScheduledThreadPoolExecutor.java:304)
2026-04-04T00:02:55.9891878Z 	at java.base/java.util.concurrent.ThreadPoolExecutor.runWorker(ThreadPoolExecutor.java:1144)
2026-04-04T00:02:55.9891899Z 	at java.base/java.util.concurrent.ThreadPoolExecutor$Worker.run(ThreadPoolExecutor.java:642)
2026-04-04T00:02:55.9891915Z 	at java.base/java.lang.Thread.run(Thread.java:1583)
2026-04-04T00:02:55.9891941Z Caused by: jakarta.mail.AuthenticationFailedException: 535 5.7.139 Authentication unsuccessful, SmtpClientAuthentication is disabled for the Tenant. Visit https://aka.ms/smtp_auth_disabled for more information. [PH7PR13CA0003.namprd13.prod.outlook.com 2026-04-04T00:02:55.968Z 08DE91231043784F]
2026-04-04T00:02:55.9891954Z 
2026-04-04T00:02:55.9891972Z 	at org.eclipse.angus.mail.smtp.SMTPTransport$Authenticator.authenticate(SMTPTransport.java:954)
2026-04-04T00:02:55.9891989Z 	at org.eclipse.angus.mail.smtp.SMTPTransport.authenticate(SMTPTransport.java:865)
2026-04-04T00:02:55.9892023Z 	at org.eclipse.angus.mail.smtp.SMTPTransport.protocolConnect(SMTPTransport.java:769)
2026-04-04T00:02:55.9892040Z 	at jakarta.mail.Service.connect(Service.java:345)
2026-04-04T00:02:55.9892057Z 	at org.springframework.mail.javamail.JavaMailSenderImpl.connectTransport(JavaMailSenderImpl.java:480)
2026-04-04T00:02:55.9892074Z 	at org.springframework.mail.javamail.JavaMailSenderImpl.doSend(JavaMailSenderImpl.java:399)
2026-04-04T00:02:55.9892090Z 	... 38 common frames omitted
2026-04-04T00:02:56.0627882Z 2026-04-04 00:02:56.040 INFO  [tbx-blocking-334] [na] c.t.s.n.a.email.CustomerEmailService - Correo omitido por idempotencia o datos incompletos. eventType=RESERVATION_CREATED, dedupKey=reservation-created:85
2026-04-04T00:07:18.0416039Z 2026-04-04 00:07:17.962 INFO  [parallel-1] [na] c.t.s.s.i.i.w.SimpleHealthController - Root endpoint called
2026-04-04T00:09:57.3262743Z 2026-04-04 00:09:57.317 INFO  [scheduling-4] [na] c.t.s.r.a.u.ReservationExpirationScheduler - Expired 1 pending reservations due to payment timeout.
2026-04-04T00:12:18.2482857Z 2026-04-04 00:12:18.247 INFO  [parallel-1] [na] c.t.s.s.i.i.w.SimpleHealthController - Root endpoint called
2026-04-04T00:12:23.8928390Z 2026-04-04 00:12:23.892 WARN  [tbx-blocking-336] [na] c.t.s.n.a.email.EmailDispatchService - Graph API failed for reyzongian@outlook.es: GRAPH_API_404: {"error":{"code":"ErrorInvalidUser","message":"The requested user 'admin@inkavoy.pe' is invalid."}}
2026-04-04T00:12:30.2255111Z 2026-04-04 00:12:30.223 ERROR [tbx-blocking-336] [na] c.t.s.n.a.email.EmailDispatchService - No se pudo enviar correo a reyzongian@outlook.es: Authentication failed
2026-04-04T00:12:30.2255608Z org.springframework.mail.MailAuthenticationException: Authentication failed
2026-04-04T00:12:30.2255638Z 	at org.springframework.mail.javamail.JavaMailSenderImpl.doSend(JavaMailSenderImpl.java:402)
2026-04-04T00:12:30.2255659Z 	at org.springframework.mail.javamail.JavaMailSenderImpl.send(JavaMailSenderImpl.java:350)
2026-04-04T00:12:30.2255681Z 	at org.springframework.mail.javamail.JavaMailSender.send(JavaMailSender.java:101)
2026-04-04T00:12:30.2255702Z 	at com.tuempresa.storage.notifications.application.email.EmailDispatchService.sendHtml(EmailDispatchService.java:129)
2026-04-04T00:12:30.2255722Z 	at com.tuempresa.storage.notifications.application.email.EmailOutboxService.enqueue(EmailOutboxService.java:71)
2026-04-04T00:12:30.2255744Z 	at java.base/jdk.internal.reflect.DirectMethodHandleAccessor.invoke(DirectMethodHandleAccessor.java:103)
2026-04-04T00:12:30.2255851Z 	at java.base/java.lang.reflect.Method.invoke(Method.java:580)
2026-04-04T00:12:30.2255872Z 	at org.springframework.aop.support.AopUtils.invokeJoinpointUsingReflection(AopUtils.java:360)
2026-04-04T00:12:30.2255893Z 	at org.springframework.aop.framework.ReflectiveMethodInvocation.invokeJoinpoint(ReflectiveMethodInvocation.java:196)
2026-04-04T00:12:30.2255914Z 	at org.springframework.aop.framework.ReflectiveMethodInvocation.proceed(ReflectiveMethodInvocation.java:163)
2026-04-04T00:12:30.2255935Z 	at org.springframework.transaction.interceptor.TransactionAspectSupport.invokeWithinTransaction(TransactionAspectSupport.java:380)
2026-04-04T00:12:30.2255955Z 	at org.springframework.transaction.interceptor.TransactionInterceptor.invoke(TransactionInterceptor.java:119)
2026-04-04T00:12:30.2255976Z 	at org.springframework.aop.framework.ReflectiveMethodInvocation.proceed(ReflectiveMethodInvocation.java:184)
2026-04-04T00:12:30.2255998Z 	at org.springframework.aop.framework.CglibAopProxy$DynamicAdvisedInterceptor.intercept(CglibAopProxy.java:728)
2026-04-04T00:12:30.2256018Z 	at com.tuempresa.storage.notifications.application.email.EmailOutboxService$$SpringCGLIB$$0.enqueue(<generated>)
2026-04-04T00:12:30.2256059Z 	at com.tuempresa.storage.notifications.application.email.CustomerEmailService.send(CustomerEmailService.java:400)
2026-04-04T00:12:30.2256081Z 	at com.tuempresa.storage.notifications.application.email.CustomerEmailService.sendReservationCreated(CustomerEmailService.java:63)
2026-04-04T00:12:30.2256102Z 	at com.tuempresa.storage.reservations.application.usecase.ReservationService.createReservation(ReservationService.java:287)
2026-04-04T00:12:30.2256123Z 	at com.tuempresa.storage.reservations.application.usecase.ReservationService.create(ReservationService.java:137)
2026-04-04T00:12:30.2256143Z 	at java.base/jdk.internal.reflect.DirectMethodHandleAccessor.invoke(DirectMethodHandleAccessor.java:103)
2026-04-04T00:12:30.2256162Z 	at java.base/java.lang.reflect.Method.invoke(Method.java:580)
2026-04-04T00:12:30.2256184Z 	at org.springframework.aop.support.AopUtils.invokeJoinpointUsingReflection(AopUtils.java:360)
2026-04-04T00:12:30.2256205Z 	at org.springframework.aop.framework.ReflectiveMethodInvocation.invokeJoinpoint(ReflectiveMethodInvocation.java:196)
2026-04-04T00:12:30.2256225Z 	at org.springframework.aop.framework.ReflectiveMethodInvocation.proceed(ReflectiveMethodInvocation.java:163)
2026-04-04T00:12:30.2256246Z 	at org.springframework.transaction.interceptor.TransactionAspectSupport.invokeWithinTransaction(TransactionAspectSupport.java:380)
2026-04-04T00:12:30.2256579Z 	at org.springframework.transaction.interceptor.TransactionInterceptor.invoke(TransactionInterceptor.java:119)
2026-04-04T00:12:30.2256605Z 	at org.springframework.aop.framework.ReflectiveMethodInvocation.proceed(ReflectiveMethodInvocation.java:184)
2026-04-04T00:12:30.2256626Z 	at org.springframework.aop.framework.CglibAopProxy$DynamicAdvisedInterceptor.intercept(CglibAopProxy.java:728)
2026-04-04T00:12:30.2256649Z 	at com.tuempresa.storage.reservations.application.usecase.ReservationService$$SpringCGLIB$$0.create(<generated>)
2026-04-04T00:12:30.2256671Z 	at com.tuempresa.storage.reservations.infrastructure.in.web.ReservationController.lambda$create$0(ReservationController.java:62)
2026-04-04T00:12:30.2256690Z 	at reactor.core.publisher.MonoCallable.call(MonoCallable.java:72)
2026-04-04T00:12:30.2256712Z 	at reactor.core.publisher.FluxSubscribeOnCallable$CallableSubscribeOnSubscription.run(FluxSubscribeOnCallable.java:228)
2026-04-04T00:12:30.2256731Z 	at reactor.core.scheduler.SchedulerTask.call(SchedulerTask.java:68)
2026-04-04T00:12:30.2256749Z 	at reactor.core.scheduler.SchedulerTask.call(SchedulerTask.java:28)
2026-04-04T00:12:30.2256768Z 	at java.base/java.util.concurrent.FutureTask.run(FutureTask.java:317)
2026-04-04T00:12:30.2256813Z 	at java.base/java.util.concurrent.ScheduledThreadPoolExecutor$ScheduledFutureTask.run(ScheduledThreadPoolExecutor.java:304)
2026-04-04T00:12:30.2257158Z 	at java.base/java.util.concurrent.ThreadPoolExecutor.runWorker(ThreadPoolExecutor.java:1144)
2026-04-04T00:12:30.2257181Z 	at java.base/java.util.concurrent.ThreadPoolExecutor$Worker.run(ThreadPoolExecutor.java:642)
2026-04-04T00:12:30.2257199Z 	at java.base/java.lang.Thread.run(Thread.java:1583)
2026-04-04T00:12:30.2257228Z Caused by: jakarta.mail.AuthenticationFailedException: 535 5.7.139 Authentication unsuccessful, SmtpClientAuthentication is disabled for the Tenant. Visit https://aka.ms/smtp_auth_disabled for more information. [PH7P221CA0019.NAMP221.PROD.OUTLOOK.COM 2026-04-04T00:12:29.605Z 08DE910C2BA16B8E]
2026-04-04T00:12:30.2257244Z 
2026-04-04T00:12:30.2257264Z 	at org.eclipse.angus.mail.smtp.SMTPTransport$Authenticator.authenticate(SMTPTransport.java:954)
2026-04-04T00:12:30.2257284Z 	at org.eclipse.angus.mail.smtp.SMTPTransport.authenticate(SMTPTransport.java:865)
2026-04-04T00:12:30.2257305Z 	at org.eclipse.angus.mail.smtp.SMTPTransport.protocolConnect(SMTPTransport.java:769)
2026-04-04T00:12:30.2257341Z 	at jakarta.mail.Service.connect(Service.java:345)
2026-04-04T00:12:30.2257361Z 	at org.springframework.mail.javamail.JavaMailSenderImpl.connectTransport(JavaMailSenderImpl.java:480)
2026-04-04T00:12:30.2257381Z 	at org.springframework.mail.javamail.JavaMailSenderImpl.doSend(JavaMailSenderImpl.java:399)
2026-04-04T00:12:30.2257399Z 	... 38 common frames omitted
2026-04-04T00:12:30.2336837Z 2026-04-04 00:12:30.232 INFO  [tbx-blocking-336] [na] c.t.s.n.a.email.CustomerEmailService - Correo omitido por idempotencia o datos incompletos. eventType=RESERVATION_CREATED, dedupKey=reservation-created:86
2026-04-04T00:17:18.5645592Z 2026-04-04 00:17:18.554 INFO  [parallel-1] [na] c.t.s.s.i.i.w.SimpleHealthController - Root endpoint called
2026-04-04T00:19:00.7709646Z 2026-04-04 00:19:00.770 WARN  [azure-key-vault-secret-property-source-0] [na] c.a.c.h.jdk.httpclient.JdkHttpClient - {"az.sdk.message":"The header is restricted by 'java.net.http.HttpClient' and will be ignored. To allow this header to be set on the request, configure 'jdk.httpclient.allowRestrictedHeaders' with the header added in the comma-separated list.","headerName":"content-length"}
2026-04-04T00:19:01.2423549Z 2026-04-04 00:19:01.241 WARN  [azure-key-vault-secret-property-source-0] [na] c.a.c.h.jdk.httpclient.JdkHttpClient - {"az.sdk.message":"The header is restricted by 'java.net.http.HttpClient' and will be ignored. To allow this header to be set on the request, configure 'jdk.httpclient.allowRestrictedHeaders' with the header added in the comma-separated list.","headerName":"content-length"}
2026-04-04T00:19:01.3242102Z 2026-04-04 00:19:01.324 WARN  [azure-key-vault-secret-property-source-0] [na] c.a.c.h.jdk.httpclient.JdkHttpClient - {"az.sdk.message":"The header is restricted by 'java.net.http.HttpClient' and will be ignored. To allow this header to be set on the request, configure 'jdk.httpclient.allowRestrictedHeaders' with the header added in the comma-separated list.","headerName":"content-length"}
2026-04-04T00:19:01.4057812Z 2026-04-04 00:19:01.405 WARN  [azure-key-vault-secret-property-source-0] [na] c.a.c.h.jdk.httpclient.JdkHttpClient - {"az.sdk.message":"The header is restricted by 'java.net.http.HttpClient' and will be ignored. To allow this header to be set on the request, configure 'jdk.httpclient.allowRestrictedHeaders' with the header added in the comma-separated list.","headerName":"content-length"}
2026-04-04T00:19:01.4919026Z 2026-04-04 00:19:01.491 WARN  [azure-key-vault-secret-property-source-0] [na] c.a.c.h.jdk.httpclient.JdkHttpClient - {"az.sdk.message":"The header is restricted by 'java.net.http.HttpClient' and will be ignored. To allow this header to be set on the request, configure 'jdk.httpclient.allowRestrictedHeaders' with the header added in the comma-separated list.","headerName":"content-length"}
2026-04-04T00:19:01.5709335Z 2026-04-04 00:19:01.570 WARN  [azure-key-vault-secret-property-source-0] [na] c.a.c.h.jdk.httpclient.JdkHttpClient - {"az.sdk.message":"The header is restricted by 'java.net.http.HttpClient' and will be ignored. To allow this header to be set on the request, configure 'jdk.httpclient.allowRestrictedHeaders' with the header added in the comma-separated list.","headerName":"content-length"}
2026-04-04T00:19:01.6498774Z 2026-04-04 00:19:01.649 WARN  [azure-key-vault-secret-property-source-0] [na] c.a.c.h.jdk.httpclient.JdkHttpClient - {"az.sdk.message":"The header is restricted by 'java.net.http.HttpClient' and will be ignored. To allow this header to be set on the request, configure 'jdk.httpclient.allowRestrictedHeaders' with the header added in the comma-separated list.","headerName":"content-length"}
2026-04-04T00:19:01.7282748Z 2026-04-04 00:19:01.728 WARN  [azure-key-vault-secret-property-source-0] [na] c.a.c.h.jdk.httpclient.JdkHttpClient - {"az.sdk.message":"The header is restricted by 'java.net.http.HttpClient' and will be ignored. To allow this header to be set on the request, configure 'jdk.httpclient.allowRestrictedHeaders' with the header added in the comma-separated list.","headerName":"content-length"}
2026-04-04T00:19:01.8445941Z 2026-04-04 00:19:01.826 WARN  [azure-key-vault-secret-property-source-0] [na] c.a.c.h.jdk.httpclient.JdkHttpClient - {"az.sdk.message":"The header is restricted by 'java.net.http.HttpClient' and will be ignored. To allow this header to be set on the request, configure 'jdk.httpclient.allowRestrictedHeaders' with the header added in the comma-separated list.","headerName":"content-length"}
2026-04-04T00:19:01.9470505Z 2026-04-04 00:19:01.946 WARN  [azure-key-vault-secret-property-source-0] [na] c.a.c.h.jdk.httpclient.JdkHttpClient - {"az.sdk.message":"The header is restricted by 'java.net.http.HttpClient' and will be ignored. To allow this header to be set on the request, configure 'jdk.httpclient.allowRestrictedHeaders' with the header added in the comma-separated list.","headerName":"content-length"}
2026-04-04T00:19:02.0338890Z 2026-04-04 00:19:02.033 WARN  [azure-key-vault-secret-property-source-0] [na] c.a.c.h.jdk.httpclient.JdkHttpClient - {"az.sdk.message":"The header is restricted by 'java.net.http.HttpClient' and will be ignored. To allow this header to be set on the request, configure 'jdk.httpclient.allowRestrictedHeaders' with the header added in the comma-separated list.","headerName":"content-length"}
2026-04-04T00:19:02.1286192Z 2026-04-04 00:19:02.128 WARN  [azure-key-vault-secret-property-source-0] [na] c.a.c.h.jdk.httpclient.JdkHttpClient - {"az.sdk.message":"The header is restricted by 'java.net.http.HttpClient' and will be ignored. To allow this header to be set on the request, configure 'jdk.httpclient.allowRestrictedHeaders' with the header added in the comma-separated list.","headerName":"content-length"}
2026-04-04T00:19:02.4235011Z 2026-04-04 00:19:02.423 WARN  [azure-key-vault-secret-property-source-0] [na] c.a.c.h.jdk.httpclient.JdkHttpClient - {"az.sdk.message":"The header is restricted by 'java.net.http.HttpClient' and will be ignored. To allow this header to be set on the request, configure 'jdk.httpclient.allowRestrictedHeaders' with the header added in the comma-separated list.","headerName":"content-length"}
2026-04-04T00:19:02.6998410Z 2026-04-04 00:19:02.699 WARN  [azure-key-vault-secret-property-source-0] [na] c.a.c.h.jdk.httpclient.JdkHttpClient - {"az.sdk.message":"The header is restricted by 'java.net.http.HttpClient' and will be ignored. To allow this header to be set on the request, configure 'jdk.httpclient.allowRestrictedHeaders' with the header added in the comma-separated list.","headerName":"content-length"}
2026-04-04T00:19:02.7857964Z 2026-04-04 00:19:02.785 WARN  [azure-key-vault-secret-property-source-0] [na] c.a.c.h.jdk.httpclient.JdkHttpClient - {"az.sdk.message":"The header is restricted by 'java.net.http.HttpClient' and will be ignored. To allow this header to be set on the request, configure 'jdk.httpclient.allowRestrictedHeaders' with the header added in the comma-separated list.","headerName":"content-length"}
2026-04-04T00:19:02.8680606Z 2026-04-04 00:19:02.867 WARN  [azure-key-vault-secret-property-source-0] [na] c.a.c.h.jdk.httpclient.JdkHttpClient - {"az.sdk.message":"The header is restricted by 'java.net.http.HttpClient' and will be ignored. To allow this header to be set on the request, configure 'jdk.httpclient.allowRestrictedHeaders' with the header added in the comma-separated list.","headerName":"content-length"}
2026-04-04T00:19:02.9550770Z 2026-04-04 00:19:02.954 WARN  [azure-key-vault-secret-property-source-0] [na] c.a.c.h.jdk.httpclient.JdkHttpClient - {"az.sdk.message":"The header is restricted by 'java.net.http.HttpClient' and will be ignored. To allow this header to be set on the request, configure 'jdk.httpclient.allowRestrictedHeaders' with the header added in the comma-separated list.","headerName":"content-length"}
2026-04-04T00:19:03.0281434Z 2026-04-04 00:19:03.027 WARN  [azure-key-vault-secret-property-source-0] [na] c.a.c.h.jdk.httpclient.JdkHttpClient - {"az.sdk.message":"The header is restricted by 'java.net.http.HttpClient' and will be ignored. To allow this header to be set on the request, configure 'jdk.httpclient.allowRestrictedHeaders' with the header added in the comma-separated list.","headerName":"content-length"}
2026-04-04T00:19:03.1489676Z 2026-04-04 00:19:03.143 WARN  [azure-key-vault-secret-property-source-0] [na] c.a.c.h.jdk.httpclient.JdkHttpClient - {"az.sdk.message":"The header is restricted by 'java.net.http.HttpClient' and will be ignored. To allow this header to be set on the request, configure 'jdk.httpclient.allowRestrictedHeaders' with the header added in the comma-separated list.","headerName":"content-length"}
2026-04-04T00:19:03.2271296Z 2026-04-04 00:19:03.226 WARN  [azure-key-vault-secret-property-source-0] [na] c.a.c.h.jdk.httpclient.JdkHttpClient - {"az.sdk.message":"The header is restricted by 'java.net.http.HttpClient' and will be ignored. To allow this header to be set on the request, configure 'jdk.httpclient.allowRestrictedHeaders' with the header added in the comma-separated list.","headerName":"content-length"}
2026-04-04T00:19:03.3055559Z 2026-04-04 00:19:03.305 WARN  [azure-key-vault-secret-property-source-0] [na] c.a.c.h.jdk.httpclient.JdkHttpClient - {"az.sdk.message":"The header is restricted by 'java.net.http.HttpClient' and will be ignored. To allow this header to be set on the request, configure 'jdk.httpclient.allowRestrictedHeaders' with the header added in the comma-separated list.","headerName":"content-length"}
2026-04-04T00:19:03.3855636Z 2026-04-04 00:19:03.385 WARN  [azure-key-vault-secret-property-source-0] [na] c.a.c.h.jdk.httpclient.JdkHttpClient - {"az.sdk.message":"The header is restricted by 'java.net.http.HttpClient' and will be ignored. To allow this header to be set on the request, configure 'jdk.httpclient.allowRestrictedHeaders' with the header added in the comma-separated list.","headerName":"content-length"}
2026-04-04T00:19:03.4652466Z 2026-04-04 00:19:03.465 WARN  [azure-key-vault-secret-property-source-0] [na] c.a.c.h.jdk.httpclient.JdkHttpClient - {"az.sdk.message":"The header is restricted by 'java.net.http.HttpClient' and will be ignored. To allow this header to be set on the request, configure 'jdk.httpclient.allowRestrictedHeaders' with the header added in the comma-separated list.","headerName":"content-length"}
2026-04-04T00:19:03.5480732Z 2026-04-04 00:19:03.539 WARN  [azure-key-vault-secret-property-source-0] [na] c.a.c.h.jdk.httpclient.JdkHttpClient - {"az.sdk.message":"The header is restricted by 'java.net.http.HttpClient' and will be ignored. To allow this header to be set on the request, configure 'jdk.httpclient.allowRestrictedHeaders' with the header added in the comma-separated list.","headerName":"content-length"}
2026-04-04T00:19:03.6194657Z 2026-04-04 00:19:03.619 WARN  [azure-key-vault-secret-property-source-0] [na] c.a.c.h.jdk.httpclient.JdkHttpClient - {"az.sdk.message":"The header is restricted by 'java.net.http.HttpClient' and will be ignored. To allow this header to be set on the request, configure 'jdk.httpclient.allowRestrictedHeaders' with the header added in the comma-separated list.","headerName":"content-length"}
2026-04-04T00:19:03.6900039Z 2026-04-04 00:19:03.689 WARN  [azure-key-vault-secret-property-source-0] [na] c.a.c.h.jdk.httpclient.JdkHttpClient - {"az.sdk.message":"The header is restricted by 'java.net.http.HttpClient' and will be ignored. To allow this header to be set on the request, configure 'jdk.httpclient.allowRestrictedHeaders' with the header added in the comma-separated list.","headerName":"content-length"}
2026-04-04T00:19:03.7590635Z 2026-04-04 00:19:03.758 WARN  [azure-key-vault-secret-property-source-0] [na] c.a.c.h.jdk.httpclient.JdkHttpClient - {"az.sdk.message":"The header is restricted by 'java.net.http.HttpClient' and will be ignored. To allow this header to be set on the request, configure 'jdk.httpclient.allowRestrictedHeaders' with the header added in the comma-separated list.","headerName":"content-length"}
2026-04-04T00:19:03.8312126Z 2026-04-04 00:19:03.830 WARN  [azure-key-vault-secret-property-source-0] [na] c.a.c.h.jdk.httpclient.JdkHttpClient - {"az.sdk.message":"The header is restricted by 'java.net.http.HttpClient' and will be ignored. To allow this header to be set on the request, configure 'jdk.httpclient.allowRestrictedHeaders' with the header added in the comma-separated list.","headerName":"content-length"}
2026-04-04T00:19:03.8980031Z 2026-04-04 00:19:03.897 WARN  [azure-key-vault-secret-property-source-0] [na] c.a.c.h.jdk.httpclient.JdkHttpClient - {"az.sdk.message":"The header is restricted by 'java.net.http.HttpClient' and will be ignored. To allow this header to be set on the request, configure 'jdk.httpclient.allowRestrictedHeaders' with the header added in the comma-separated list.","headerName":"content-length"}
2026-04-04T00:19:04.0017546Z 2026-04-04 00:19:04.001 WARN  [azure-key-vault-secret-property-source-0] [na] c.a.c.h.jdk.httpclient.JdkHttpClient - {"az.sdk.message":"The header is restricted by 'java.net.http.HttpClient' and will be ignored. To allow this header to be set on the request, configure 'jdk.httpclient.allowRestrictedHeaders' with the header added in the comma-separated list.","headerName":"content-length"}
2026-04-04T00:19:04.0709133Z 2026-04-04 00:19:04.069 WARN  [azure-key-vault-secret-property-source-0] [na] c.a.c.h.jdk.httpclient.JdkHttpClient - {"az.sdk.message":"The header is restricted by 'java.net.http.HttpClient' and will be ignored. To allow this header to be set on the request, configure 'jdk.httpclient.allowRestrictedHeaders' with the header added in the comma-separated list.","headerName":"content-length"}
2026-04-04T00:19:04.1507079Z 2026-04-04 00:19:04.141 WARN  [azure-key-vault-secret-property-source-0] [na] c.a.c.h.jdk.httpclient.JdkHttpClient - {"az.sdk.message":"The header is restricted by 'java.net.http.HttpClient' and will be ignored. To allow this header to be set on the request, configure 'jdk.httpclient.allowRestrictedHeaders' with the header added in the comma-separated list.","headerName":"content-length"}
2026-04-04T00:19:04.2184159Z 2026-04-04 00:19:04.218 WARN  [azure-key-vault-secret-property-source-0] [na] c.a.c.h.jdk.httpclient.JdkHttpClient - {"az.sdk.message":"The header is restricted by 'java.net.http.HttpClient' and will be ignored. To allow this header to be set on the request, configure 'jdk.httpclient.allowRestrictedHeaders' with the header added in the comma-separated list.","headerName":"content-length"}
2026-04-04T00:19:04.4987661Z 2026-04-04 00:19:04.487 WARN  [azure-key-vault-secret-property-source-0] [na] c.a.c.h.jdk.httpclient.JdkHttpClient - {"az.sdk.message":"The header is restricted by 'java.net.http.HttpClient' and will be ignored. To allow this header to be set on the request, configure 'jdk.httpclient.allowRestrictedHeaders' with the header added in the comma-separated list.","headerName":"content-length"}
2026-04-04T00:19:04.5806313Z 2026-04-04 00:19:04.579 WARN  [azure-key-vault-secret-property-source-0] [na] c.a.c.h.jdk.httpclient.JdkHttpClient - {"az.sdk.message":"The header is restricted by 'java.net.http.HttpClient' and will be ignored. To allow this header to be set on the request, configure 'jdk.httpclient.allowRestrictedHeaders' with the header added in the comma-separated list.","headerName":"content-length"}
2026-04-04T00:19:04.6508060Z 2026-04-04 00:19:04.650 WARN  [azure-key-vault-secret-property-source-0] [na] c.a.c.h.jdk.httpclient.JdkHttpClient - {"az.sdk.message":"The header is restricted by 'java.net.http.HttpClient' and will be ignored. To allow this header to be set on the request, configure 'jdk.httpclient.allowRestrictedHeaders' with the header added in the comma-separated list.","headerName":"content-length"}
2026-04-04T00:19:04.7314891Z 2026-04-04 00:19:04.731 WARN  [azure-key-vault-secret-property-source-0] [na] c.a.c.h.jdk.httpclient.JdkHttpClient - {"az.sdk.message":"The header is restricted by 'java.net.http.HttpClient' and will be ignored. To allow this header to be set on the request, configure 'jdk.httpclient.allowRestrictedHeaders' with the header added in the comma-separated list.","headerName":"content-length"}
2026-04-04T00:19:04.8022254Z 2026-04-04 00:19:04.801 WARN  [azure-key-vault-secret-property-source-0] [na] c.a.c.h.jdk.httpclient.JdkHttpClient - {"az.sdk.message":"The header is restricted by 'java.net.http.HttpClient' and will be ignored. To allow this header to be set on the request, configure 'jdk.httpclient.allowRestrictedHeaders' with the header added in the comma-separated list.","headerName":"content-length"}
2026-04-04T00:19:04.8722219Z 2026-04-04 00:19:04.871 WARN  [azure-key-vault-secret-property-source-0] [na] c.a.c.h.jdk.httpclient.JdkHttpClient - {"az.sdk.message":"The header is restricted by 'java.net.http.HttpClient' and will be ignored. To allow this header to be set on the request, configure 'jdk.httpclient.allowRestrictedHeaders' with the header added in the comma-separated list.","headerName":"content-length"}
2026-04-04T00:19:04.9620218Z 2026-04-04 00:19:04.961 WARN  [azure-key-vault-secret-property-source-0] [na] c.a.c.h.jdk.httpclient.JdkHttpClient - {"az.sdk.message":"The header is restricted by 'java.net.http.HttpClient' and will be ignored. To allow this header to be set on the request, configure 'jdk.httpclient.allowRestrictedHeaders' with the header added in the comma-separated list.","headerName":"content-length"}
2026-04-04T00:19:05.0448278Z 2026-04-04 00:19:05.044 WARN  [azure-key-vault-secret-property-source-0] [na] c.a.c.h.jdk.httpclient.JdkHttpClient - {"az.sdk.message":"The header is restricted by 'java.net.http.HttpClient' and will be ignored. To allow this header to be set on the request, configure 'jdk.httpclient.allowRestrictedHeaders' with the header added in the comma-separated list.","headerName":"content-length"}
2026-04-04T00:19:05.1322525Z 2026-04-04 00:19:05.124 WARN  [azure-key-vault-secret-property-source-0] [na] c.a.c.h.jdk.httpclient.JdkHttpClient - {"az.sdk.message":"The header is restricted by 'java.net.http.HttpClient' and will be ignored. To allow this header to be set on the request, configure 'jdk.httpclient.allowRestrictedHeaders' with the header added in the comma-separated list.","headerName":"content-length"}
2026-04-04T00:19:05.2052683Z 2026-04-04 00:19:05.205 WARN  [azure-key-vault-secret-property-source-0] [na] c.a.c.h.jdk.httpclient.JdkHttpClient - {"az.sdk.message":"The header is restricted by 'java.net.http.HttpClient' and will be ignored. To allow this header to be set on the request, configure 'jdk.httpclient.allowRestrictedHeaders' with the header added in the comma-separated list.","headerName":"content-length"}
2026-04-04T00:19:05.2844952Z 2026-04-04 00:19:05.283 WARN  [azure-key-vault-secret-property-source-0] [na] c.a.c.h.jdk.httpclient.JdkHttpClient - {"az.sdk.message":"The header is restricted by 'java.net.http.HttpClient' and will be ignored. To allow this header to be set on the request, configure 'jdk.httpclient.allowRestrictedHeaders' with the header added in the comma-separated list.","headerName":"content-length"}
2026-04-04T00:19:05.3512045Z 2026-04-04 00:19:05.351 WARN  [azure-key-vault-secret-property-source-0] [na] c.a.c.h.jdk.httpclient.JdkHttpClient - {"az.sdk.message":"The header is restricted by 'java.net.http.HttpClient' and will be ignored. To allow this header to be set on the request, configure 'jdk.httpclient.allowRestrictedHeaders' with the header added in the comma-separated list.","headerName":"content-length"}
2026-04-04T00:19:05.5001820Z 2026-04-04 00:19:05.499 WARN  [azure-key-vault-secret-property-source-0] [na] c.a.c.h.jdk.httpclient.JdkHttpClient - {"az.sdk.message":"The header is restricted by 'java.net.http.HttpClient' and will be ignored. To allow this header to be set on the request, configure 'jdk.httpclient.allowRestrictedHeaders' with the header added in the comma-separated list.","headerName":"content-length"}
2026-04-04T00:19:05.5721255Z 2026-04-04 00:19:05.571 WARN  [azure-key-vault-secret-property-source-0] [na] c.a.c.h.jdk.httpclient.JdkHttpClient - {"az.sdk.message":"The header is restricted by 'java.net.http.HttpClient' and will be ignored. To allow this header to be set on the request, configure 'jdk.httpclient.allowRestrictedHeaders' with the header added in the comma-separated list.","headerName":"content-length"}
2026-04-04T00:19:05.6570094Z 2026-04-04 00:19:05.656 WARN  [azure-key-vault-secret-property-source-0] [na] c.a.c.h.jdk.httpclient.JdkHttpClient - {"az.sdk.message":"The header is restricted by 'java.net.http.HttpClient' and will be ignored. To allow this header to be set on the request, configure 'jdk.httpclient.allowRestrictedHeaders' with the header added in the comma-separated list.","headerName":"content-length"}
2026-04-04T00:19:05.7269294Z 2026-04-04 00:19:05.726 WARN  [azure-key-vault-secret-property-source-0] [na] c.a.c.h.jdk.httpclient.JdkHttpClient - {"az.sdk.message":"The header is restricted by 'java.net.http.HttpClient' and will be ignored. To allow this header to be set on the request, configure 'jdk.httpclient.allowRestrictedHeaders' with the header added in the comma-separated list.","headerName":"content-length"}
2026-04-04T00:19:05.7950798Z 2026-04-04 00:19:05.794 WARN  [azure-key-vault-secret-property-source-0] [na] c.a.c.h.jdk.httpclient.JdkHttpClient - {"az.sdk.message":"The header is restricted by 'java.net.http.HttpClient' and will be ignored. To allow this header to be set on the request, configure 'jdk.httpclient.allowRestrictedHeaders' with the header added in the comma-separated list.","headerName":"content-length"}
2026-04-04T00:19:05.8625815Z 2026-04-04 00:19:05.862 WARN  [azure-key-vault-secret-property-source-0] [na] c.a.c.h.jdk.httpclient.JdkHttpClient - {"az.sdk.message":"The header is restricted by 'java.net.http.HttpClient' and will be ignored. To allow this header to be set on the request, configure 'jdk.httpclient.allowRestrictedHeaders' with the header added in the comma-separated list.","headerName":"content-length"}
2026-04-04T00:19:57.3976123Z 2026-04-04 00:19:57.397 INFO  [scheduling-1] [na] c.t.s.r.a.u.ReservationExpirationScheduler - Expired 2 pending reservations due to payment timeout.
2026-04-04T00:21:28.4658360Z 2026-04-04 00:21:28.455 WARN  [tbx-blocking-347] [na] c.t.s.n.a.email.EmailDispatchService - Graph API failed for reyzongian@outlook.es: GRAPH_API_404: {"error":{"code":"ErrorInvalidUser","message":"The requested user 'admin@inkavoy.pe' is invalid."}}
2026-04-04T00:21:34.5449715Z 2026-04-04 00:21:34.542 ERROR [tbx-blocking-347] [na] c.t.s.n.a.email.EmailDispatchService - No se pudo enviar correo a reyzongian@outlook.es: Authentication failed
2026-04-04T00:21:34.5450191Z org.springframework.mail.MailAuthenticationException: Authentication failed
2026-04-04T00:21:34.5450218Z 	at org.springframework.mail.javamail.JavaMailSenderImpl.doSend(JavaMailSenderImpl.java:402)
2026-04-04T00:21:34.5450239Z 	at org.springframework.mail.javamail.JavaMailSenderImpl.send(JavaMailSenderImpl.java:350)
2026-04-04T00:21:34.5450259Z 	at org.springframework.mail.javamail.JavaMailSender.send(JavaMailSender.java:101)
2026-04-04T00:21:34.5450282Z 	at com.tuempresa.storage.notifications.application.email.EmailDispatchService.sendHtml(EmailDispatchService.java:129)
2026-04-04T00:21:34.5450303Z 	at com.tuempresa.storage.notifications.application.email.EmailOutboxService.enqueue(EmailOutboxService.java:71)
2026-04-04T00:21:34.5450324Z 	at java.base/jdk.internal.reflect.DirectMethodHandleAccessor.invoke(DirectMethodHandleAccessor.java:103)
2026-04-04T00:21:34.5450343Z 	at java.base/java.lang.reflect.Method.invoke(Method.java:580)
2026-04-04T00:21:34.5450364Z 	at org.springframework.aop.support.AopUtils.invokeJoinpointUsingReflection(AopUtils.java:360)
2026-04-04T00:21:34.5450406Z 	at org.springframework.aop.framework.ReflectiveMethodInvocation.invokeJoinpoint(ReflectiveMethodInvocation.java:196)
2026-04-04T00:21:34.5450428Z 	at org.springframework.aop.framework.ReflectiveMethodInvocation.proceed(ReflectiveMethodInvocation.java:163)
2026-04-04T00:21:34.5450450Z 	at org.springframework.transaction.interceptor.TransactionAspectSupport.invokeWithinTransaction(TransactionAspectSupport.java:380)
2026-04-04T00:21:34.5450471Z 	at org.springframework.transaction.interceptor.TransactionInterceptor.invoke(TransactionInterceptor.java:119)
2026-04-04T00:21:34.5450491Z 	at org.springframework.aop.framework.ReflectiveMethodInvocation.proceed(ReflectiveMethodInvocation.java:184)
2026-04-04T00:21:34.5450511Z 	at org.springframework.aop.framework.CglibAopProxy$DynamicAdvisedInterceptor.intercept(CglibAopProxy.java:728)
2026-04-04T00:21:34.5450532Z 	at com.tuempresa.storage.notifications.application.email.EmailOutboxService$$SpringCGLIB$$0.enqueue(<generated>)
2026-04-04T00:21:34.5450553Z 	at com.tuempresa.storage.notifications.application.email.CustomerEmailService.send(CustomerEmailService.java:400)
2026-04-04T00:21:34.5450574Z 	at com.tuempresa.storage.notifications.application.email.CustomerEmailService.sendReservationCreated(CustomerEmailService.java:63)
2026-04-04T00:21:34.5450611Z 	at com.tuempresa.storage.reservations.application.usecase.ReservationService.createReservation(ReservationService.java:287)
2026-04-04T00:21:34.5450632Z 	at com.tuempresa.storage.reservations.application.usecase.ReservationService.create(ReservationService.java:137)
2026-04-04T00:21:34.5450653Z 	at java.base/jdk.internal.reflect.DirectMethodHandleAccessor.invoke(DirectMethodHandleAccessor.java:103)
2026-04-04T00:21:34.5450671Z 	at java.base/java.lang.reflect.Method.invoke(Method.java:580)
2026-04-04T00:21:34.5450691Z 	at org.springframework.aop.support.AopUtils.invokeJoinpointUsingReflection(AopUtils.java:360)
2026-04-04T00:21:34.5450712Z 	at org.springframework.aop.framework.ReflectiveMethodInvocation.invokeJoinpoint(ReflectiveMethodInvocation.java:196)
2026-04-04T00:21:34.5450733Z 	at org.springframework.aop.framework.ReflectiveMethodInvocation.proceed(ReflectiveMethodInvocation.java:163)
2026-04-04T00:21:34.5450754Z 	at org.springframework.transaction.interceptor.TransactionAspectSupport.invokeWithinTransaction(TransactionAspectSupport.java:380)
2026-04-04T00:21:34.5450774Z 	at org.springframework.transaction.interceptor.TransactionInterceptor.invoke(TransactionInterceptor.java:119)
2026-04-04T00:21:34.5450794Z 	at org.springframework.aop.framework.ReflectiveMethodInvocation.proceed(ReflectiveMethodInvocation.java:184)
2026-04-04T00:21:34.5450836Z 	at org.springframework.aop.framework.CglibAopProxy$DynamicAdvisedInterceptor.intercept(CglibAopProxy.java:728)
2026-04-04T00:21:34.5450858Z 	at com.tuempresa.storage.reservations.application.usecase.ReservationService$$SpringCGLIB$$0.create(<generated>)
2026-04-04T00:21:34.5450879Z 	at com.tuempresa.storage.reservations.infrastructure.in.web.ReservationController.lambda$create$0(ReservationController.java:62)
2026-04-04T00:21:34.5450897Z 	at reactor.core.publisher.MonoCallable.call(MonoCallable.java:72)
2026-04-04T00:21:34.5450919Z 	at reactor.core.publisher.FluxSubscribeOnCallable$CallableSubscribeOnSubscription.run(FluxSubscribeOnCallable.java:228)
2026-04-04T00:21:34.5450938Z 	at reactor.core.scheduler.SchedulerTask.call(SchedulerTask.java:68)
2026-04-04T00:21:34.5450956Z 	at reactor.core.scheduler.SchedulerTask.call(SchedulerTask.java:28)
2026-04-04T00:21:34.5450975Z 	at java.base/java.util.concurrent.FutureTask.run(FutureTask.java:317)
2026-04-04T00:21:34.5450995Z 	at java.base/java.util.concurrent.ScheduledThreadPoolExecutor$ScheduledFutureTask.run(ScheduledThreadPoolExecutor.java:304)
2026-04-04T00:21:34.5451278Z 	at java.base/java.util.concurrent.ThreadPoolExecutor.runWorker(ThreadPoolExecutor.java:1144)
2026-04-04T00:21:34.5451301Z 	at java.base/java.util.concurrent.ThreadPoolExecutor$Worker.run(ThreadPoolExecutor.java:642)
2026-04-04T00:21:34.5451320Z 	at java.base/java.lang.Thread.run(Thread.java:1583)
2026-04-04T00:21:34.5451349Z Caused by: jakarta.mail.AuthenticationFailedException: 535 5.7.139 Authentication unsuccessful, SmtpClientAuthentication is disabled for the Tenant. Visit https://aka.ms/smtp_auth_disabled for more information. [PH8P223CA0010.NAMP223.PROD.OUTLOOK.COM 2026-04-04T00:21:34.539Z 08DE91D2E1278100]
2026-04-04T00:21:34.5451365Z 
2026-04-04T00:21:34.5451386Z 	at org.eclipse.angus.mail.smtp.SMTPTransport$Authenticator.authenticate(SMTPTransport.java:954)
2026-04-04T00:21:34.5451405Z 	at org.eclipse.angus.mail.smtp.SMTPTransport.authenticate(SMTPTransport.java:865)
2026-04-04T00:21:34.5451424Z 	at org.eclipse.angus.mail.smtp.SMTPTransport.protocolConnect(SMTPTransport.java:769)
2026-04-04T00:21:34.5451442Z 	at jakarta.mail.Service.connect(Service.java:345)
2026-04-04T00:21:34.5451462Z 	at org.springframework.mail.javamail.JavaMailSenderImpl.connectTransport(JavaMailSenderImpl.java:480)
2026-04-04T00:21:34.5451504Z 	at org.springframework.mail.javamail.JavaMailSenderImpl.doSend(JavaMailSenderImpl.java:399)
2026-04-04T00:21:34.5451522Z 	... 38 common frames omitted
2026-04-04T00:21:34.5577146Z 2026-04-04 00:21:34.547 INFO  [tbx-blocking-347] [na] c.t.s.n.a.email.CustomerEmailService - Correo omitido por idempotencia o datos incompletos. eventType=RESERVATION_CREATED, dedupKey=reservation-created:87
2026-04-04T00:22:18.9088435Z 2026-04-04 00:22:18.908 INFO  [parallel-1] [na] c.t.s.s.i.i.w.SimpleHealthController - Root endpoint called
2026-04-04T00:25:11.3604565Z 2026-04-04 00:25:11.359 WARN  [tbx-blocking-347] [na] c.a.c.h.jdk.httpclient.JdkHttpClient - {"az.sdk.message":"The header is restricted by 'java.net.http.HttpClient' and will be ignored. To allow this header to be set on the request, configure 'jdk.httpclient.allowRestrictedHeaders' with the header added in the comma-separated list.","headerName":"content-length"}
2026-04-04T00:25:11.6567928Z 2026-04-04 00:25:11.656 WARN  [tbx-blocking-347] [na] c.a.c.h.jdk.httpclient.JdkHttpClient - {"az.sdk.message":"The header is restricted by 'java.net.http.HttpClient' and will be ignored. To allow this header to be set on the request, configure 'jdk.httpclient.allowRestrictedHeaders' with the header added in the comma-separated list.","headerName":"content-length"}
2026-04-04T00:25:11.8956471Z 2026-04-04 00:25:11.895 WARN  [tbx-blocking-347] [na] c.a.c.h.jdk.httpclient.JdkHttpClient - {"az.sdk.message":"The header is restricted by 'java.net.http.HttpClient' and will be ignored. To allow this header to be set on the request, configure 'jdk.httpclient.allowRestrictedHeaders' with the header added in the comma-separated list.","headerName":"content-length"}
2026-04-04T00:25:13.0450681Z 2026-04-04 00:25:13.044 WARN  [tbx-blocking-347] [na] c.a.c.h.jdk.httpclient.JdkHttpClient - {"az.sdk.message":"The header is restricted by 'java.net.http.HttpClient' and will be ignored. To allow this header to be set on the request, configure 'jdk.httpclient.allowRestrictedHeaders' with the header added in the comma-separated list.","headerName":"content-length"}
2026-04-04T00:25:13.1169728Z 2026-04-04 00:25:13.116 WARN  [tbx-blocking-347] [na] c.a.c.h.jdk.httpclient.JdkHttpClient - {"az.sdk.message":"The header is restricted by 'java.net.http.HttpClient' and will be ignored. To allow this header to be set on the request, configure 'jdk.httpclient.allowRestrictedHeaders' with the header added in the comma-separated list.","headerName":"content-length"}
2026-04-04T00:25:13.3273100Z 2026-04-04 00:25:13.326 WARN  [tbx-blocking-347] [na] c.a.c.h.jdk.httpclient.JdkHttpClient - {"az.sdk.message":"The header is restricted by 'java.net.http.HttpClient' and will be ignored. To allow this header to be set on the request, configure 'jdk.httpclient.allowRestrictedHeaders' with the header added in the comma-separated list.","headerName":"content-length"}
2026-04-04T00:25:17.0412129Z 2026-04-04 00:25:17.041 WARN  [tbx-blocking-342] [na] c.a.c.h.jdk.httpclient.JdkHttpClient - {"az.sdk.message":"The header is restricted by 'java.net.http.HttpClient' and will be ignored. To allow this header to be set on the request, configure 'jdk.httpclient.allowRestrictedHeaders' with the header added in the comma-separated list.","headerName":"content-length"}
2026-04-04T00:25:17.1094323Z 2026-04-04 00:25:17.109 WARN  [tbx-blocking-342] [na] c.a.c.h.jdk.httpclient.JdkHttpClient - {"az.sdk.message":"The header is restricted by 'java.net.http.HttpClient' and will be ignored. To allow this header to be set on the request, configure 'jdk.httpclient.allowRestrictedHeaders' with the header added in the comma-separated list.","headerName":"content-length"}
2026-04-04T00:25:18.1995977Z 2026-04-04 00:25:18.192 WARN  [tbx-blocking-342] [na] c.a.c.h.jdk.httpclient.JdkHttpClient - {"az.sdk.message":"The header is restricted by 'java.net.http.HttpClient' and will be ignored. To allow this header to be set on the request, configure 'jdk.httpclient.allowRestrictedHeaders' with the header added in the comma-separated list.","headerName":"content-length"}
2026-04-04T00:27:19.2022910Z 2026-04-04 00:27:19.201 INFO  [parallel-1] [na] c.t.s.s.i.i.w.SimpleHealthController - Root endpoint called
2026-04-04T00:27:53.2150778Z 2026-04-04 00:27:53.214 WARN  [tbx-blocking-347] [na] c.t.s.n.a.email.EmailDispatchService - Graph API failed for reyzongian@outlook.es: GRAPH_API_404: {"error":{"code":"ErrorInvalidUser","message":"The requested user 'admin@inkavoy.pe' is invalid."}}
2026-04-04T00:27:59.5088398Z 2026-04-04 00:27:59.499 ERROR [tbx-blocking-347] [na] c.t.s.n.a.email.EmailDispatchService - No se pudo enviar correo a reyzongian@outlook.es: Authentication failed
2026-04-04T00:27:59.5088863Z org.springframework.mail.MailAuthenticationException: Authentication failed
2026-04-04T00:27:59.5088886Z 	at org.springframework.mail.javamail.JavaMailSenderImpl.doSend(JavaMailSenderImpl.java:402)
2026-04-04T00:27:59.5088909Z 	at org.springframework.mail.javamail.JavaMailSenderImpl.send(JavaMailSenderImpl.java:350)
2026-04-04T00:27:59.5088927Z 	at org.springframework.mail.javamail.JavaMailSender.send(JavaMailSender.java:101)
2026-04-04T00:27:59.5088945Z 	at com.tuempresa.storage.notifications.application.email.EmailDispatchService.sendHtml(EmailDispatchService.java:129)
2026-04-04T00:27:59.5088964Z 	at com.tuempresa.storage.notifications.application.email.EmailOutboxService.enqueue(EmailOutboxService.java:71)
2026-04-04T00:27:59.5088982Z 	at java.base/jdk.internal.reflect.DirectMethodHandleAccessor.invoke(DirectMethodHandleAccessor.java:103)
2026-04-04T00:27:59.5089077Z 	at java.base/java.lang.reflect.Method.invoke(Method.java:580)
2026-04-04T00:27:59.5089095Z 	at org.springframework.aop.support.AopUtils.invokeJoinpointUsingReflection(AopUtils.java:360)
2026-04-04T00:27:59.5089113Z 	at org.springframework.aop.framework.ReflectiveMethodInvocation.invokeJoinpoint(ReflectiveMethodInvocation.java:196)
2026-04-04T00:27:59.5089131Z 	at org.springframework.aop.framework.ReflectiveMethodInvocation.proceed(ReflectiveMethodInvocation.java:163)
2026-04-04T00:27:59.5089150Z 	at org.springframework.transaction.interceptor.TransactionAspectSupport.invokeWithinTransaction(TransactionAspectSupport.java:380)
2026-04-04T00:27:59.5089168Z 	at org.springframework.transaction.interceptor.TransactionInterceptor.invoke(TransactionInterceptor.java:119)
2026-04-04T00:27:59.5089186Z 	at org.springframework.aop.framework.ReflectiveMethodInvocation.proceed(ReflectiveMethodInvocation.java:184)
2026-04-04T00:27:59.5089204Z 	at org.springframework.aop.framework.CglibAopProxy$DynamicAdvisedInterceptor.intercept(CglibAopProxy.java:728)
2026-04-04T00:27:59.5089222Z 	at com.tuempresa.storage.notifications.application.email.EmailOutboxService$$SpringCGLIB$$0.enqueue(<generated>)
2026-04-04T00:27:59.5089260Z 	at com.tuempresa.storage.notifications.application.email.CustomerEmailService.send(CustomerEmailService.java:400)
2026-04-04T00:27:59.5089279Z 	at com.tuempresa.storage.notifications.application.email.CustomerEmailService.sendReservationCreated(CustomerEmailService.java:63)
2026-04-04T00:27:59.5089298Z 	at com.tuempresa.storage.reservations.application.usecase.ReservationService.createReservation(ReservationService.java:287)
2026-04-04T00:27:59.5089316Z 	at com.tuempresa.storage.reservations.application.usecase.ReservationService.create(ReservationService.java:137)
2026-04-04T00:27:59.5089333Z 	at java.base/jdk.internal.reflect.DirectMethodHandleAccessor.invoke(DirectMethodHandleAccessor.java:103)
2026-04-04T00:27:59.5089349Z 	at java.base/java.lang.reflect.Method.invoke(Method.java:580)
2026-04-04T00:27:59.5089367Z 	at org.springframework.aop.support.AopUtils.invokeJoinpointUsingReflection(AopUtils.java:360)
2026-04-04T00:27:59.5089385Z 	at org.springframework.aop.framework.ReflectiveMethodInvocation.invokeJoinpoint(ReflectiveMethodInvocation.java:196)
2026-04-04T00:27:59.5089403Z 	at org.springframework.aop.framework.ReflectiveMethodInvocation.proceed(ReflectiveMethodInvocation.java:163)
2026-04-04T00:27:59.5089421Z 	at org.springframework.transaction.interceptor.TransactionAspectSupport.invokeWithinTransaction(TransactionAspectSupport.java:380)
2026-04-04T00:27:59.5089460Z 	at org.springframework.transaction.interceptor.TransactionInterceptor.invoke(TransactionInterceptor.java:119)
2026-04-04T00:27:59.5089479Z 	at org.springframework.aop.framework.ReflectiveMethodInvocation.proceed(ReflectiveMethodInvocation.java:184)
2026-04-04T00:27:59.5089496Z 	at org.springframework.aop.framework.CglibAopProxy$DynamicAdvisedInterceptor.intercept(CglibAopProxy.java:728)
2026-04-04T00:27:59.5089514Z 	at com.tuempresa.storage.reservations.application.usecase.ReservationService$$SpringCGLIB$$0.create(<generated>)
2026-04-04T00:27:59.5089533Z 	at com.tuempresa.storage.reservations.infrastructure.in.web.ReservationController.lambda$create$0(ReservationController.java:62)
2026-04-04T00:27:59.5089550Z 	at reactor.core.publisher.MonoCallable.call(MonoCallable.java:72)
2026-04-04T00:27:59.5089568Z 	at reactor.core.publisher.FluxSubscribeOnCallable$CallableSubscribeOnSubscription.run(FluxSubscribeOnCallable.java:228)
2026-04-04T00:27:59.5089584Z 	at reactor.core.scheduler.SchedulerTask.call(SchedulerTask.java:68)
2026-04-04T00:27:59.5089599Z 	at reactor.core.scheduler.SchedulerTask.call(SchedulerTask.java:28)
2026-04-04T00:27:59.5089615Z 	at java.base/java.util.concurrent.FutureTask.run(FutureTask.java:317)
2026-04-04T00:27:59.5089661Z 	at java.base/java.util.concurrent.ScheduledThreadPoolExecutor$ScheduledFutureTask.run(ScheduledThreadPoolExecutor.java:304)
2026-04-04T00:27:59.5170910Z 	at java.base/java.util.concurrent.ThreadPoolExecutor.runWorker(ThreadPoolExecutor.java:1144)
2026-04-04T00:27:59.5171100Z 	at java.base/java.util.concurrent.ThreadPoolExecutor$Worker.run(ThreadPoolExecutor.java:642)
2026-04-04T00:27:59.5171119Z 	at java.base/java.lang.Thread.run(Thread.java:1583)
2026-04-04T00:27:59.5171147Z Caused by: jakarta.mail.AuthenticationFailedException: 535 5.7.139 Authentication unsuccessful, SmtpClientAuthentication is disabled for the Tenant. Visit https://aka.ms/smtp_auth_disabled for more information. [PH0PR07CA0073.namprd07.prod.outlook.com 2026-04-04T00:27:59.497Z 08DE911B7C7307D5]
2026-04-04T00:27:59.5171162Z 
2026-04-04T00:27:59.5171182Z 	at org.eclipse.angus.mail.smtp.SMTPTransport$Authenticator.authenticate(SMTPTransport.java:954)
2026-04-04T00:27:59.5171204Z 	at org.eclipse.angus.mail.smtp.SMTPTransport.authenticate(SMTPTransport.java:865)
2026-04-04T00:27:59.5171221Z 	at org.eclipse.angus.mail.smtp.SMTPTransport.protocolConnect(SMTPTransport.java:769)
2026-04-04T00:27:59.5171297Z 	at jakarta.mail.Service.connect(Service.java:345)
2026-04-04T00:27:59.5171319Z 	at org.springframework.mail.javamail.JavaMailSenderImpl.connectTransport(JavaMailSenderImpl.java:480)
2026-04-04T00:27:59.5171336Z 	at org.springframework.mail.javamail.JavaMailSenderImpl.doSend(JavaMailSenderImpl.java:399)
2026-04-04T00:27:59.5171352Z 	... 38 common frames omitted
2026-04-04T00:27:59.5273947Z 2026-04-04 00:27:59.520 INFO  [tbx-blocking-347] [na] c.t.s.n.a.email.CustomerEmailService - Correo omitido por idempotencia o datos incompletos. eventType=RESERVATION_CREATED, dedupKey=reservation-created:88
2026-04-04T00:29:57.4361133Z 2026-04-04 00:29:57.435 INFO  [scheduling-1] [na] c.t.s.r.a.u.ReservationExpirationScheduler - Expired 1 pending reservations due to payment timeout.
2026-04-04T00:30:19.4451797Z 2026-04-04 00:30:19.283 ERROR [parallel-1] [na] c.t.s.s.i.w.ReactiveGlobalExceptionHandler - Unexpected server error at /api/v1/payments/webhooks/izipay
2026-04-04T00:30:19.4940210Z org.springframework.web.server.ResponseStatusException: 415 UNSUPPORTED_MEDIA_TYPE
2026-04-04T00:30:19.4940436Z 	at org.springframework.web.reactive.result.method.annotation.AbstractMessageReaderArgumentResolver.readBody(AbstractMessageReaderArgumentResolver.java:171)
2026-04-04T00:30:19.4940526Z 	at org.springframework.web.reactive.result.method.annotation.AbstractMessageReaderArgumentResolver.readBody(AbstractMessageReaderArgumentResolver.java:126)
2026-04-04T00:30:19.4940612Z 	at org.springframework.web.reactive.result.method.annotation.RequestBodyMethodArgumentResolver.resolveArgument(RequestBodyMethodArgumentResolver.java:64)
2026-04-04T00:30:19.4940695Z 	at org.springframework.web.reactive.result.method.HandlerMethodArgumentResolverComposite.resolveArgument(HandlerMethodArgumentResolverComposite.java:119)
2026-04-04T00:30:19.4940776Z 	at org.springframework.web.reactive.result.method.InvocableHandlerMethod.getMethodArgumentValues(InvocableHandlerMethod.java:274)
2026-04-04T00:30:19.4940858Z 	at org.springframework.web.reactive.result.method.InvocableHandlerMethod.getMethodArgumentValuesOnScheduler(InvocableHandlerMethod.java:249)
2026-04-04T00:30:19.4941471Z 	at org.springframework.web.reactive.result.method.InvocableHandlerMethod.invoke(InvocableHandlerMethod.java:189)
2026-04-04T00:30:19.4941560Z 	at org.springframework.web.reactive.result.method.annotation.RequestMappingHandlerAdapter.lambda$handle$1(RequestMappingHandlerAdapter.java:283)
2026-04-04T00:30:19.4941632Z 	at reactor.core.publisher.MonoDefer.subscribe(MonoDefer.java:45)
2026-04-04T00:30:19.4941708Z 	at reactor.core.publisher.MonoIgnoreThen$ThenIgnoreMain.subscribeNext(MonoIgnoreThen.java:241)
2026-04-04T00:30:19.4941783Z 	at reactor.core.publisher.MonoIgnoreThen$ThenIgnoreMain.onComplete(MonoIgnoreThen.java:204)
2026-04-04T00:30:19.4941853Z 	at reactor.core.publisher.MonoFlatMap$FlatMapMain.onComplete(MonoFlatMap.java:189)
2026-04-04T00:30:19.4941920Z 	at reactor.core.publisher.Operators.complete(Operators.java:137)
2026-04-04T00:30:19.4941989Z 	at reactor.core.publisher.MonoZip.subscribe(MonoZip.java:121)
2026-04-04T00:30:19.4942056Z 	at reactor.core.publisher.Mono.subscribe(Mono.java:4576)
2026-04-04T00:30:19.4942128Z 	at reactor.core.publisher.MonoIgnoreThen$ThenIgnoreMain.subscribeNext(MonoIgnoreThen.java:265)
2026-04-04T00:30:19.4942252Z 	at reactor.core.publisher.MonoIgnoreThen.subscribe(MonoIgnoreThen.java:51)
2026-04-04T00:30:19.4942328Z 	at reactor.core.publisher.InternalMonoOperator.subscribe(InternalMonoOperator.java:76)
2026-04-04T00:30:19.4942404Z 	at reactor.core.publisher.MonoFlatMap$FlatMapMain.onNext(MonoFlatMap.java:165)
2026-04-04T00:30:19.4942478Z 	at reactor.core.publisher.FluxOnErrorResume$ResumeSubscriber.onNext(FluxOnErrorResume.java:79)
2026-04-04T00:30:19.4942552Z 	at reactor.core.publisher.FluxSwitchIfEmpty$SwitchIfEmptySubscriber.onNext(FluxSwitchIfEmpty.java:74)
2026-04-04T00:30:19.4942622Z 	at reactor.core.publisher.MonoNext$NextSubscriber.onNext(MonoNext.java:82)
2026-04-04T00:30:19.4942702Z 	at reactor.core.publisher.FluxConcatMapNoPrefetch$FluxConcatMapNoPrefetchSubscriber.innerNext(FluxConcatMapNoPrefetch.java:259)
2026-04-04T00:30:19.4942774Z 	at reactor.core.publisher.FluxConcatMap$ConcatMapInner.onNext(FluxConcatMap.java:865)
2026-04-04T00:30:19.4942848Z 	at reactor.core.publisher.FluxMapFuseable$MapFuseableSubscriber.onNext(FluxMapFuseable.java:129)
2026-04-04T00:30:19.4942959Z 	at reactor.core.publisher.MonoPeekTerminal$MonoTerminalPeekSubscriber.onNext(MonoPeekTerminal.java:180)
2026-04-04T00:30:19.4943037Z 	at reactor.core.publisher.Operators$ScalarSubscription.request(Operators.java:2570)
2026-04-04T00:30:19.4943113Z 	at reactor.core.publisher.MonoPeekTerminal$MonoTerminalPeekSubscriber.request(MonoPeekTerminal.java:139)
2026-04-04T00:30:19.4943187Z 	at reactor.core.publisher.FluxMapFuseable$MapFuseableSubscriber.request(FluxMapFuseable.java:171)
2026-04-04T00:30:19.4943259Z 	at reactor.core.publisher.Operators$MultiSubscriptionSubscriber.request(Operators.java:2330)
2026-04-04T00:30:19.4943337Z 	at reactor.core.publisher.FluxConcatMapNoPrefetch$FluxConcatMapNoPrefetchSubscriber.request(FluxConcatMapNoPrefetch.java:339)
2026-04-04T00:30:19.4943407Z 	at reactor.core.publisher.MonoNext$NextSubscriber.request(MonoNext.java:108)
2026-04-04T00:30:19.4943480Z 	at reactor.core.publisher.Operators$MultiSubscriptionSubscriber.set(Operators.java:2366)
2026-04-04T00:30:19.4943551Z 	at reactor.core.publisher.Operators$MultiSubscriptionSubscriber.onSubscribe(Operators.java:2240)
2026-04-04T00:30:19.4943625Z 	at reactor.core.publisher.MonoNext$NextSubscriber.onSubscribe(MonoNext.java:70)
2026-04-04T00:30:19.4943743Z 	at reactor.core.publisher.FluxConcatMapNoPrefetch$FluxConcatMapNoPrefetchSubscriber.onSubscribe(FluxConcatMapNoPrefetch.java:164)
2026-04-04T00:30:19.4943816Z 	at reactor.core.publisher.FluxIterable.subscribe(FluxIterable.java:201)
2026-04-04T00:30:19.4943886Z 	at reactor.core.publisher.FluxIterable.subscribe(FluxIterable.java:83)
2026-04-04T00:30:19.4944394Z 	at reactor.core.publisher.InternalMonoOperator.subscribe(InternalMonoOperator.java:76)
2026-04-04T00:30:19.4944475Z 	at reactor.core.publisher.MonoDefer.subscribe(MonoDefer.java:53)
2026-04-04T00:30:19.4944548Z 	at reactor.core.publisher.InternalMonoOperator.subscribe(InternalMonoOperator.java:76)
2026-04-04T00:30:19.4944617Z 	at reactor.core.publisher.MonoDefer.subscribe(MonoDefer.java:53)
2026-04-04T00:30:19.4944688Z 	at reactor.core.publisher.InternalMonoOperator.subscribe(InternalMonoOperator.java:76)
2026-04-04T00:30:19.4944755Z 	at reactor.core.publisher.MonoDefer.subscribe(MonoDefer.java:53)
2026-04-04T00:30:19.4944825Z 	at reactor.core.publisher.InternalMonoOperator.subscribe(InternalMonoOperator.java:76)
2026-04-04T00:30:19.4944952Z 	at reactor.core.publisher.MonoDeferContextual.subscribe(MonoDeferContextual.java:55)
2026-04-04T00:30:19.4945021Z 	at reactor.core.publisher.MonoDefer.subscribe(MonoDefer.java:53)
2026-04-04T00:30:19.4945087Z 	at reactor.core.publisher.Mono.subscribe(Mono.java:4576)
2026-04-04T00:30:19.4945163Z 	at reactor.core.publisher.FluxSwitchIfEmpty$SwitchIfEmptySubscriber.onComplete(FluxSwitchIfEmpty.java:82)
2026-04-04T00:30:19.4945242Z 	at reactor.core.publisher.MonoPeekTerminal$MonoTerminalPeekSubscriber.onComplete(MonoPeekTerminal.java:299)
2026-04-04T00:30:19.4945317Z 	at reactor.core.publisher.MonoPeekTerminal$MonoTerminalPeekSubscriber.onComplete(MonoPeekTerminal.java:299)
2026-04-04T00:30:19.4945388Z 	at reactor.core.publisher.MonoFlatMap$FlatMapMain.onNext(MonoFlatMap.java:155)
2026-04-04T00:30:19.4945462Z 	at reactor.core.publisher.FluxSwitchIfEmpty$SwitchIfEmptySubscriber.onNext(FluxSwitchIfEmpty.java:74)
2026-04-04T00:30:19.4945533Z 	at reactor.core.publisher.FluxFilter$FilterSubscriber.onNext(FluxFilter.java:113)
2026-04-04T00:30:19.4945609Z 	at reactor.core.publisher.MonoPeekTerminal$MonoTerminalPeekSubscriber.onNext(MonoPeekTerminal.java:180)
2026-04-04T00:30:19.4945713Z 	at reactor.core.publisher.FluxPeekFuseable$PeekFuseableConditionalSubscriber.onNext(FluxPeekFuseable.java:503)
2026-04-04T00:30:19.4945788Z 	at reactor.core.publisher.MonoPeekTerminal$MonoTerminalPeekSubscriber.onNext(MonoPeekTerminal.java:180)
2026-04-04T00:30:19.4945866Z 	at reactor.core.publisher.FluxDefaultIfEmpty$DefaultIfEmptySubscriber.onNext(FluxDefaultIfEmpty.java:122)
2026-04-04T00:30:19.4945938Z 	at reactor.core.publisher.MonoNext$NextSubscriber.onNext(MonoNext.java:82)
2026-04-04T00:30:19.4946295Z 	at reactor.core.publisher.FluxConcatMapNoPrefetch$FluxConcatMapNoPrefetchSubscriber.innerNext(FluxConcatMapNoPrefetch.java:259)
2026-04-04T00:30:19.4946372Z 	at reactor.core.publisher.FluxConcatMap$ConcatMapInner.onNext(FluxConcatMap.java:865)
2026-04-04T00:30:19.4946443Z 	at reactor.core.publisher.MonoFlatMap$FlatMapMain.onNext(MonoFlatMap.java:158)
2026-04-04T00:30:19.4946514Z 	at reactor.core.publisher.FluxMap$MapSubscriber.onNext(FluxMap.java:122)
2026-04-04T00:30:19.5238819Z 	at reactor.core.publisher.FluxFilter$FilterSubscriber.onNext(FluxFilter.java:113)
2026-04-04T00:30:19.5239072Z 	at reactor.core.publisher.FluxPeekFuseable$PeekConditionalSubscriber.onNext(FluxPeekFuseable.java:854)
2026-04-04T00:30:19.5239159Z 	at reactor.core.publisher.FluxSwitchIfEmpty$SwitchIfEmptySubscriber.onNext(FluxSwitchIfEmpty.java:74)
2026-04-04T00:30:19.5239232Z 	at reactor.core.publisher.MonoNext$NextSubscriber.onNext(MonoNext.java:82)
2026-04-04T00:30:19.5239302Z 	at reactor.core.publisher.FluxFilter$FilterSubscriber.onNext(FluxFilter.java:113)
2026-04-04T00:30:19.5239374Z 	at reactor.core.publisher.FluxFlatMap$FlatMapMain.tryEmitScalar(FluxFlatMap.java:492)
2026-04-04T00:30:19.5239447Z 	at reactor.core.publisher.FluxFlatMap$FlatMapMain.onNext(FluxFlatMap.java:424)
2026-04-04T00:30:19.5239520Z 	at reactor.core.publisher.FluxPeekFuseable$PeekFuseableSubscriber.onNext(FluxPeekFuseable.java:210)
2026-04-04T00:30:19.5239643Z 	at reactor.core.publisher.FluxIterable$IterableSubscription.slowPath(FluxIterable.java:335)
2026-04-04T00:30:19.5239717Z 	at reactor.core.publisher.FluxIterable$IterableSubscription.request(FluxIterable.java:294)
2026-04-04T00:30:19.5239793Z 	at reactor.core.publisher.FluxPeekFuseable$PeekFuseableSubscriber.request(FluxPeekFuseable.java:144)
2026-04-04T00:30:19.5239862Z 	at reactor.core.publisher.FluxFlatMap$FlatMapMain.onSubscribe(FluxFlatMap.java:373)
2026-04-04T00:30:19.5239938Z 	at reactor.core.publisher.FluxPeekFuseable$PeekFuseableSubscriber.onSubscribe(FluxPeekFuseable.java:178)
2026-04-04T00:30:19.5240007Z 	at reactor.core.publisher.FluxIterable.subscribe(FluxIterable.java:201)
2026-04-04T00:30:19.5240080Z 	at reactor.core.publisher.FluxIterable.subscribe(FluxIterable.java:83)
2026-04-04T00:30:19.5240149Z 	at reactor.core.publisher.Mono.subscribe(Mono.java:4576)
2026-04-04T00:30:19.5240226Z 	at reactor.core.publisher.FluxConcatMapNoPrefetch$FluxConcatMapNoPrefetchSubscriber.onNext(FluxConcatMapNoPrefetch.java:207)
2026-04-04T00:30:19.5240298Z 	at reactor.core.publisher.FluxIterable$IterableSubscription.slowPath(FluxIterable.java:335)
2026-04-04T00:30:19.5240397Z 	at reactor.core.publisher.FluxIterable$IterableSubscription.request(FluxIterable.java:294)
2026-04-04T00:30:19.5240478Z 	at reactor.core.publisher.FluxConcatMapNoPrefetch$FluxConcatMapNoPrefetchSubscriber.innerComplete(FluxConcatMapNoPrefetch.java:275)
2026-04-04T00:30:19.5241358Z 	at reactor.core.publisher.FluxConcatMap$ConcatMapInner.onComplete(FluxConcatMap.java:889)
2026-04-04T00:30:19.5241445Z 	at reactor.core.publisher.MonoFlatMap$FlatMapMain.onComplete(MonoFlatMap.java:189)
2026-04-04T00:30:19.5241516Z 	at reactor.core.publisher.FluxMap$MapSubscriber.onComplete(FluxMap.java:144)
2026-04-04T00:30:19.5241588Z 	at reactor.core.publisher.FluxFilter$FilterSubscriber.onComplete(FluxFilter.java:166)
2026-04-04T00:30:19.5241663Z 	at reactor.core.publisher.FluxPeekFuseable$PeekConditionalSubscriber.onComplete(FluxPeekFuseable.java:940)
2026-04-04T00:30:19.5241738Z 	at reactor.core.publisher.FluxSwitchIfEmpty$SwitchIfEmptySubscriber.onComplete(FluxSwitchIfEmpty.java:85)
2026-04-04T00:30:19.5241809Z 	at reactor.core.publisher.Operators$ScalarSubscription.request(Operators.java:2572)
2026-04-04T00:30:19.5241909Z 	at reactor.core.publisher.Operators$MultiSubscriptionSubscriber.set(Operators.java:2366)
2026-04-04T00:30:19.5241985Z 	at reactor.core.publisher.Operators$MultiSubscriptionSubscriber.onSubscribe(Operators.java:2240)
2026-04-04T00:30:19.5242056Z 	at reactor.core.publisher.MonoJust.subscribe(MonoJust.java:55)
2026-04-04T00:30:19.5242122Z 	at reactor.core.publisher.Mono.subscribe(Mono.java:4576)
2026-04-04T00:30:19.5242195Z 	at reactor.core.publisher.FluxSwitchIfEmpty$SwitchIfEmptySubscriber.onComplete(FluxSwitchIfEmpty.java:82)
2026-04-04T00:30:19.5242267Z 	at reactor.core.publisher.MonoNext$NextSubscriber.onComplete(MonoNext.java:102)
2026-04-04T00:30:19.5242337Z 	at reactor.core.publisher.FluxFilter$FilterSubscriber.onComplete(FluxFilter.java:166)
2026-04-04T00:30:19.5242408Z 	at reactor.core.publisher.FluxFlatMap$FlatMapMain.checkTerminated(FluxFlatMap.java:850)
2026-04-04T00:30:19.5242480Z 	at reactor.core.publisher.FluxFlatMap$FlatMapMain.drainLoop(FluxFlatMap.java:612)
2026-04-04T00:30:19.5242550Z 	at reactor.core.publisher.FluxFlatMap$FlatMapMain.drain(FluxFlatMap.java:592)
2026-04-04T00:30:19.5242650Z 	at reactor.core.publisher.FluxFlatMap$FlatMapMain.request(FluxFlatMap.java:349)
2026-04-04T00:30:19.5242723Z 	at reactor.core.publisher.FluxFilter$FilterSubscriber.request(FluxFilter.java:186)
2026-04-04T00:30:19.5242792Z 	at reactor.core.publisher.MonoNext$NextSubscriber.request(MonoNext.java:108)
2026-04-04T00:30:19.5242864Z 	at reactor.core.publisher.Operators$MultiSubscriptionSubscriber.request(Operators.java:2330)
2026-04-04T00:30:19.5242940Z 	at reactor.core.publisher.FluxPeekFuseable$PeekConditionalSubscriber.request(FluxPeekFuseable.java:783)
2026-04-04T00:30:19.5243009Z 	at reactor.core.publisher.FluxFilter$FilterSubscriber.request(FluxFilter.java:186)
2026-04-04T00:30:19.5243079Z 	at reactor.core.publisher.FluxMap$MapSubscriber.request(FluxMap.java:164)
2026-04-04T00:30:19.5243149Z 	at reactor.core.publisher.MonoFlatMap$FlatMapMain.request(MonoFlatMap.java:194)
2026-04-04T00:30:19.5243223Z 	at reactor.core.publisher.Operators$MultiSubscriptionSubscriber.request(Operators.java:2330)
2026-04-04T00:30:19.5243302Z 	at reactor.core.publisher.FluxConcatMapNoPrefetch$FluxConcatMapNoPrefetchSubscriber.request(FluxConcatMapNoPrefetch.java:339)
2026-04-04T00:30:19.5243401Z 	at reactor.core.publisher.MonoNext$NextSubscriber.request(MonoNext.java:108)
2026-04-04T00:30:19.5243478Z 	at reactor.core.publisher.FluxDefaultIfEmpty$DefaultIfEmptySubscriber.request(FluxDefaultIfEmpty.java:98)
2026-04-04T00:30:19.5243553Z 	at reactor.core.publisher.MonoPeekTerminal$MonoTerminalPeekSubscriber.request(MonoPeekTerminal.java:139)
2026-04-04T00:30:19.5243627Z 	at reactor.core.publisher.FluxPeekFuseable$PeekFuseableConditionalSubscriber.request(FluxPeekFuseable.java:437)
2026-04-04T00:30:19.5243699Z 	at reactor.core.publisher.MonoPeekTerminal$MonoTerminalPeekSubscriber.request(MonoPeekTerminal.java:139)
2026-04-04T00:30:19.5243769Z 	at reactor.core.publisher.FluxFilter$FilterSubscriber.request(FluxFilter.java:186)
2026-04-04T00:30:19.5243842Z 	at reactor.core.publisher.Operators$MultiSubscriptionSubscriber.set(Operators.java:2366)
2026-04-04T00:30:19.5243914Z 	at reactor.core.publisher.Operators$MultiSubscriptionSubscriber.onSubscribe(Operators.java:2240)
2026-04-04T00:30:19.5243983Z 	at reactor.core.publisher.FluxFilter$FilterSubscriber.onSubscribe(FluxFilter.java:85)
2026-04-04T00:30:19.5244057Z 	at reactor.core.publisher.MonoPeekTerminal$MonoTerminalPeekSubscriber.onSubscribe(MonoPeekTerminal.java:152)
2026-04-04T00:30:19.5244163Z 	at reactor.core.publisher.FluxPeekFuseable$PeekFuseableConditionalSubscriber.onSubscribe(FluxPeekFuseable.java:471)
2026-04-04T00:30:19.5244238Z 	at reactor.core.publisher.MonoPeekTerminal$MonoTerminalPeekSubscriber.onSubscribe(MonoPeekTerminal.java:152)
2026-04-04T00:30:19.5244310Z 	at reactor.core.publisher.Operators$BaseFluxToMonoOperator.onSubscribe(Operators.java:2050)
2026-04-04T00:30:19.5244378Z 	at reactor.core.publisher.MonoNext$NextSubscriber.onSubscribe(MonoNext.java:70)
2026-04-04T00:30:19.5244462Z 	at reactor.core.publisher.FluxConcatMapNoPrefetch$FluxConcatMapNoPrefetchSubscriber.onSubscribe(FluxConcatMapNoPrefetch.java:164)
2026-04-04T00:30:19.5244530Z 	at reactor.core.publisher.FluxIterable.subscribe(FluxIterable.java:201)
2026-04-04T00:30:19.5244604Z 	at reactor.core.publisher.FluxIterable.subscribe(FluxIterable.java:83)
2026-04-04T00:30:19.5244727Z 	at reactor.core.publisher.InternalMonoOperator.subscribe(InternalMonoOperator.java:76)
2026-04-04T00:30:19.5244964Z 	at reactor.core.publisher.MonoDeferContextual.subscribe(MonoDeferContextual.java:55)
2026-04-04T00:30:19.5245044Z 	at reactor.core.publisher.InternalMonoOperator.subscribe(InternalMonoOperator.java:76)
2026-04-04T00:30:19.5245113Z 	at reactor.core.publisher.MonoDefer.subscribe(MonoDefer.java:53)
2026-04-04T00:30:19.5245185Z 	at reactor.core.publisher.InternalMonoOperator.subscribe(InternalMonoOperator.java:76)
2026-04-04T00:30:19.5245281Z 	at reactor.core.publisher.MonoDefer.subscribe(MonoDefer.java:53)
2026-04-04T00:30:19.5245352Z 	at reactor.core.publisher.MonoFlatMap$FlatMapMain.onNext(MonoFlatMap.java:165)
2026-04-04T00:30:19.5245427Z 	at reactor.core.publisher.Operators$BaseFluxToMonoOperator.completePossiblyEmpty(Operators.java:2096)
2026-04-04T00:30:19.5245502Z 	at reactor.core.publisher.FluxDefaultIfEmpty$DefaultIfEmptySubscriber.onComplete(FluxDefaultIfEmpty.java:134)
2026-04-04T00:30:19.5245570Z 	at reactor.core.publisher.FluxMap$MapSubscriber.onComplete(FluxMap.java:144)
2026-04-04T00:30:19.5245637Z 	at reactor.core.publisher.FluxMap$MapSubscriber.onComplete(FluxMap.java:144)
2026-04-04T00:30:19.5245706Z 	at reactor.core.publisher.FluxFilter$FilterSubscriber.onComplete(FluxFilter.java:166)
2026-04-04T00:30:19.5245780Z 	at reactor.core.publisher.FluxMap$MapConditionalSubscriber.onComplete(FluxMap.java:275)
2026-04-04T00:30:19.5245850Z 	at reactor.core.publisher.Operators$MonoSubscriber.complete(Operators.java:1865)
2026-04-04T00:30:19.5245924Z 	at reactor.core.publisher.MonoCacheTime$CoordinatorSubscriber.signalCached(MonoCacheTime.java:337)
2026-04-04T00:30:19.5246020Z 	at reactor.core.publisher.MonoCacheTime$CoordinatorSubscriber.onNext(MonoCacheTime.java:354)
2026-04-04T00:30:19.5246091Z 	at reactor.core.publisher.FluxPeek$PeekSubscriber.onNext(FluxPeek.java:200)
2026-04-04T00:30:19.5246164Z 	at reactor.core.publisher.FluxSwitchIfEmpty$SwitchIfEmptySubscriber.onNext(FluxSwitchIfEmpty.java:74)
2026-04-04T00:30:19.5246236Z 	at reactor.core.publisher.MonoPeekTerminal$MonoTerminalPeekSubscriber.onNext(MonoPeekTerminal.java:180)
2026-04-04T00:30:19.5246306Z 	at reactor.core.publisher.MonoPublishOn$PublishOnSubscriber.run(MonoPublishOn.java:181)
2026-04-04T00:30:19.5246377Z 	at reactor.core.scheduler.SchedulerTask.call(SchedulerTask.java:68)
2026-04-04T00:30:19.5246444Z 	at reactor.core.scheduler.SchedulerTask.call(SchedulerTask.java:28)
2026-04-04T00:30:19.5246513Z 	at java.base/java.util.concurrent.FutureTask.run(FutureTask.java:317)
2026-04-04T00:30:19.5246588Z 	at java.base/java.util.concurrent.ScheduledThreadPoolExecutor$ScheduledFutureTask.run(ScheduledThreadPoolExecutor.java:304)
2026-04-04T00:30:19.5246658Z 	at java.base/java.util.concurrent.ThreadPoolExecutor.runWorker(ThreadPoolExecutor.java:1144)
2026-04-04T00:30:19.5246767Z 	at java.base/java.util.concurrent.ThreadPoolExecutor$Worker.run(ThreadPoolExecutor.java:642)
2026-04-04T00:30:19.5246834Z 	at java.base/java.lang.Thread.run(Thread.java:1583)
2026-04-04T00:32:19.4452806Z 2026-04-04 00:32:19.445 INFO  [parallel-1] [na] c.t.s.s.i.i.w.SimpleHealthController - Root endpoint called
2026-04-04T00:34:57.4618199Z 2026-04-04 00:34:57.459 INFO  [scheduling-4] [na] c.t.s.r.a.u.ReservationExpirationScheduler - Expired 1 pending reservations due to payment timeout.
2026-04-04T00:37:19.8776894Z 2026-04-04 00:37:19.870 INFO  [parallel-1] [na] c.t.s.s.i.i.w.SimpleHealthController - Root endpoint called
