2026-04-04T00:53:18.0899342Z Deploy Async
2026-04-04T00:53:21.1662601Z Run rsync from: /tmp/zipdeploy/extracted/ to: /home/site/wwwroot/ in 8 parallel threads
2026-04-04T00:53:21.2377144Z Delete options: clean=False, use manifest=False, directory to ignore=
2026-04-04T00:53:21.3093790Z Prev manifest = /home/site/deployments/c6b6d7bd-591a-450d-8bb5-cc3e00e46f75/manifest and next /home/site/deployments/b05920cf-add4-4c74-a8a6-28788b4599b2/manifest
2026-04-04T00:53:21.4192774Z Cleaning up /tmp//filelist.txt and /tmp//splits
2026-04-04T00:53:21.5097108Z Creating a list of all files at /tmp//filelist.txt
2026-04-04T00:53:21.7521440Z No directory to exclude.
2026-04-04T00:53:22.0433721Z Created /tmp//filelist.txt. Total number of files to be synced = 1.
2026-04-04T00:53:22.2053566Z Created batches from the list of files. Processing 1 files in each thread
2026-04-04T00:53:22.2857432Z Running rsync for filelist /tmp//splits/split.aa from /tmp/zipdeploy/extracted/ to /home/site/wwwroot/
2026-04-04T00:53:34.1651708Z .......
2026-04-04T00:53:34.1657817Z 
2026-04-04T00:53:34.2602719Z Number of files: 1 (reg: 1)
2026-04-04T00:53:34.2895674Z Number of created files: 0
2026-04-04T00:53:34.3105518Z Number of deleted files: 0
2026-04-04T00:53:34.3402008Z Number of regular files transferred: 1
2026-04-04T00:53:34.3608973Z Total file size: 128.47M bytes
2026-04-04T00:53:34.3799711Z Total transferred file size: 128.47M bytes
2026-04-04T00:53:34.4008236Z Literal data: 128.47M bytes
2026-04-04T00:53:34.4213234Z Matched data: 0 bytes
2026-04-04T00:53:34.4393202Z File list size: 0
2026-04-04T00:53:34.4596641Z File list generation time: 0.001 seconds
2026-04-04T00:53:34.5284831Z File list transfer time: 0.000 seconds
2026-04-04T00:53:34.5831831Z Total bytes sent: 113.76M
2026-04-04T00:53:34.6096943Z Total bytes received: 35
2026-04-04T00:53:34.6528102Z 
2026-04-04T00:53:34.6792300Z sent 113.76M bytes  received 35 bytes  8.43M bytes/sec
2026-04-04T00:53:34.6952094Z total size is 128.47M  speedup is 1.13
2026-04-04T00:53:34.7147516Z Attempt 1: Rsync for filelist /tmp//splits/split.aa completed with exit code 0
2026-04-04T00:53:34.7366874Z Completed successfully in 13 seconds
2026-04-04T01:02:58.4433912Z Deploy Async
2026-04-04T01:03:09.6537715Z Run rsync from: /tmp/zipdeploy/extracted/ to: /home/site/wwwroot/ in 8 parallel threads
2026-04-04T01:03:10.3999043Z Delete options: clean=False, use manifest=False, directory to ignore=
2026-04-04T01:03:10.7726761Z Prev manifest = /home/site/deployments/b05920cf-add4-4c74-a8a6-28788b4599b2/manifest and next /home/site/deployments/bc23de6c-433a-4869-b506-6a4ebf9213d6/manifest
2026-04-04T01:03:11.8508449Z Cleaning up /tmp//filelist.txt and /tmp//splits
2026-04-04T01:03:17.4617477Z .
2026-04-04T01:03:17.4617957Z Creating a list of all files at /tmp//filelist.txt
2026-04-04T01:03:19.9775960Z No directory to exclude.
2026-04-04T01:03:23.3923049Z Created /tmp//filelist.txt. Total number of files to be synced = 1.
2026-04-04T01:03:24.5617137Z Created batches from the list of files. Processing 1 files in each thread
2026-04-04T01:03:25.7104258Z Running rsync for filelist /tmp//splits/split.aa from /tmp/zipdeploy/extracted/ to /home/site/wwwroot/
2026-04-04T01:04:12.2057927Z .........................................
2026-04-04T01:04:12.2527724Z 
2026-04-04T01:04:12.6450759Z Number of files: 1 (reg: 1)
2026-04-04T01:04:12.7960183Z Number of created files: 0
2026-04-04T01:04:12.8579350Z Number of deleted files: 0
2026-04-04T01:04:12.9200495Z Number of regular files transferred: 1
2026-04-04T01:04:12.9600795Z Total file size: 128.47M bytes
2026-04-04T01:04:13.2374155Z Total transferred file size: 128.47M bytes
2026-04-04T01:04:13.2896703Z Literal data: 128.47M bytes
2026-04-04T01:04:13.3977366Z Matched data: 0 bytes
2026-04-04T01:04:13.5100381Z File list size: 0
2026-04-04T01:04:13.7082528Z File list generation time: 0.088 seconds
2026-04-04T01:04:13.8531192Z File list transfer time: 0.000 seconds
2026-04-04T01:04:13.9824552Z Total bytes sent: 113.76M
2026-04-04T01:04:14.0330721Z Total bytes received: 35
2026-04-04T01:04:14.0756528Z 
2026-04-04T01:04:14.1024966Z sent 113.76M bytes  received 35 bytes  2.50M bytes/sec
2026-04-04T01:04:14.2162938Z total size is 128.47M  speedup is 1.13
2026-04-04T01:04:14.2861145Z Attempt 1: Rsync for filelist /tmp//splits/split.aa completed with exit code 0
2026-04-04T01:04:14.3268453Z Completed successfully in 63 seconds
2026-04-04T01:07:12.1664743Z Deploy Async
2026-04-04T01:07:22.0780802Z Run rsync from: /tmp/zipdeploy/extracted/ to: /home/site/wwwroot/ in 8 parallel threads
2026-04-04T01:07:22.5904729Z Delete options: clean=False, use manifest=False, directory to ignore=
2026-04-04T01:07:22.7695498Z Prev manifest = /home/site/deployments/bc23de6c-433a-4869-b506-6a4ebf9213d6/manifest and next /home/site/deployments/5bf12abc-182c-443d-987d-a7083784a6cb/manifest
2026-04-04T01:07:23.4327396Z Cleaning up /tmp//filelist.txt and /tmp//splits
2026-04-04T01:07:23.6245862Z Creating a list of all files at /tmp//filelist.txt
2026-04-04T01:07:23.6839554Z No directory to exclude.
2026-04-04T01:07:24.2589749Z Created /tmp//filelist.txt. Total number of files to be synced = 1.
2026-04-04T01:07:24.6234485Z Created batches from the list of files. Processing 1 files in each thread
2026-04-04T01:07:25.1250941Z Running rsync for filelist /tmp//splits/split.aa from /tmp/zipdeploy/extracted/ to /home/site/wwwroot/
2026-04-04T01:08:21.5898427Z .................................................
2026-04-04T01:08:21.5902836Z 
2026-04-04T01:08:21.6914282Z Number of files: 1 (reg: 1)
2026-04-04T01:08:21.7207838Z Number of created files: 0
2026-04-04T01:08:21.7829204Z Number of deleted files: 0
2026-04-04T01:08:21.9421365Z Number of regular files transferred: 1
2026-04-04T01:08:22.0449278Z Total file size: 128.47M bytes
2026-04-04T01:08:22.0741567Z Total transferred file size: 128.47M bytes
2026-04-04T01:08:22.2659713Z Literal data: 128.47M bytes
2026-04-04T01:08:22.3448542Z Matched data: 0 bytes
2026-04-04T01:08:22.4460194Z File list size: 0
2026-04-04T01:08:22.4460393Z File list generation time: 0.051 seconds
2026-04-04T01:08:22.5170680Z File list transfer time: 0.000 seconds
2026-04-04T01:08:22.5563228Z Total bytes sent: 113.69M
2026-04-04T01:08:22.6259284Z Total bytes received: 35
2026-04-04T01:08:22.6559047Z 
2026-04-04T01:08:22.6802504Z sent 113.69M bytes  received 35 bytes  2.01M bytes/sec
2026-04-04T01:08:22.7106259Z total size is 128.47M  speedup is 1.13
2026-04-04T01:08:22.7460017Z Attempt 1: Rsync for filelist /tmp//splits/split.aa completed with exit code 0
2026-04-04T01:08:22.7980903Z Completed successfully in 60 seconds
2026-04-04T03:49:41.8636566Z     __ __          __      __    _ __     
2026-04-04T03:49:41.8845788Z    / //_/_  _ ____/ /_  __/ /   (_) /____ 
2026-04-04T03:49:41.8845953Z   / ,< / / / / __  / / / / /   / / __/ _  
2026-04-04T03:49:41.8845974Z  / /| / /_/ / /_/ / /_/ / /___/ / /_/  __/
2026-04-04T03:49:41.8845992Z /_/ |_\__,_/\__,_/\__,_/_____/_/\__/\___/ 
2026-04-04T03:49:41.8846014Z 
2026-04-04T03:49:41.8846080Z                                           
2026-04-04T03:49:41.8846099Z DEBUG CONSOLE | AZURE APP SERVICE ON LINUX
2026-04-04T03:49:41.8846115Z 
2026-04-04T03:49:41.8846133Z Documentation: http://aka.ms/webapp-linux
2026-04-04T03:49:41.8846155Z Kudu Version : 20260204.5
2026-04-04T03:49:41.8846176Z Commit       : f2123a3d94768058c9d9e002efc0a31e9c1580a3
2026-04-04T03:49:41.8846194Z Instance Name: lw1sdlwk0007H9
2026-04-04T03:49:41.8846223Z Instance Id  : 1dbea7bfe708b9b6cf563d7816aa3d6524a539ef5b1d672aead49e43942c44a2
2026-04-04T03:49:41.8846260Z 
2026-04-04T03:49:43.0985885Z chown: changing ownership of '/temp': Operation not permitted
2026-04-04T03:49:43.2469653Z chmod: changing permissions of '/temp': Operation not permitted
2026-04-04T03:49:52.3205997Z Restarting OpenBSD Secure Shell server: sshd.
2026-04-04T03:49:52.6556121Z node not running, starting node /opt/webssh/index.js
2026-04-04T03:50:28.4252921Z Sat Apr 4 03:50:28 UTC 2026 running .net core
2026-04-04T03:50:34.7192929Z Startup : 03.50.34.668507
2026-04-04T03:50:34.9173463Z Configure Services : 03.50.34.907791
2026-04-04T03:50:36.6767128Z Configure : 03.50.36.676521
2026-04-04T03:50:37.8754887Z Setting Up Routes : 03.50.37.875322
2026-04-04T03:50:38.0696920Z Exiting Configure : 03.50.38.069414
2026-04-04T03:50:38.8777242Z Hosting environment: Production
2026-04-04T03:50:38.8777836Z Content root path: /opt/Kudu
2026-04-04T03:50:38.8777871Z Now listening on: http://0.0.0.0:8181
2026-04-04T03:50:38.8777985Z Application started. Press Ctrl+C to shut down.
2026-04-04T03:52:00.6970725Z Deploy Async
2026-04-04T03:52:10.5315266Z Run rsync from: /tmp/zipdeploy/extracted/ to: /home/site/wwwroot/ in 8 parallel threads
2026-04-04T03:52:10.8569702Z Delete options: clean=False, use manifest=False, directory to ignore=
2026-04-04T03:52:11.3752763Z Prev manifest = /home/site/deployments/5bf12abc-182c-443d-987d-a7083784a6cb/manifest and next /home/site/deployments/14915eb2-ed15-49fc-8423-3ae87be1d702/manifest
2026-04-04T03:52:11.5592802Z Cleaning up /tmp//filelist.txt and /tmp//splits
2026-04-04T03:52:11.9639580Z Creating a list of all files at /tmp//filelist.txt
2026-04-04T03:52:12.0338655Z No directory to exclude.
2026-04-04T03:52:12.0927462Z Created /tmp//filelist.txt. Total number of files to be synced = 1.
2026-04-04T03:52:12.2529976Z Created batches from the list of files. Processing 1 files in each thread
2026-04-04T03:52:12.3430846Z Running rsync for filelist /tmp//splits/split.aa from /tmp/zipdeploy/extracted/ to /home/site/wwwroot/
2026-04-04T03:52:45.0508366Z ...........................
2026-04-04T03:52:45.0508976Z 
2026-04-04T03:52:45.2088528Z Number of files: 1 (reg: 1)
2026-04-04T03:52:45.3186914Z Number of created files: 0
2026-04-04T03:52:45.4247473Z Number of deleted files: 0
2026-04-04T03:52:45.4918196Z Number of regular files transferred: 1
2026-04-04T03:52:45.5695851Z Total file size: 128.48M bytes
2026-04-04T03:52:45.6225299Z Total transferred file size: 128.48M bytes
2026-04-04T03:52:45.7065440Z Literal data: 128.48M bytes
2026-04-04T03:52:45.7238084Z Matched data: 0 bytes
2026-04-04T03:52:45.7622151Z File list size: 0
2026-04-04T03:52:45.9341303Z File list generation time: 0.038 seconds
2026-04-04T03:52:45.9341574Z File list transfer time: 0.000 seconds
2026-04-04T03:52:45.9936543Z Total bytes sent: 113.69M
2026-04-04T03:52:46.0955568Z Total bytes received: 35
2026-04-04T03:52:46.0955825Z 
2026-04-04T03:52:46.1858178Z sent 113.69M bytes  received 35 bytes  3.50M bytes/sec
2026-04-04T03:52:46.2841022Z total size is 128.48M  speedup is 1.13
2026-04-04T03:52:46.3357331Z Attempt 1: Rsync for filelist /tmp//splits/split.aa completed with exit code 0
2026-04-04T03:52:46.4050799Z Completed successfully in 35 seconds
