2026-04-03T16:16:23.5074390Z,Updating submodules.,db811a5e-337a-4982-930e-0c4ef92388bc,0
2026-04-03T16:16:24.6672563Z,Preparing deployment for commit id 'c6b6d7bd-5'.,4aa15373-6088-4621-aa69-c10141c45fc5,0
2026-04-03T16:16:25.0364623Z,PreDeployment: context.CleanOutputPath False,1a29291d-aaae-4170-b64e-3c6af991b78a,0
2026-04-03T16:16:25.2180480Z,PreDeployment: context.OutputPath /home/site/wwwroot,749d136e-8c38-4b74-9b6c-9fce7cad1325,0
2026-04-03T16:16:25.3960994Z,Running build. Project type: OneDeploy,d19de598-ec46-45e9-a1a4-dcae9d8554dc,0
2026-04-03T16:16:25.5481193Z,Copying the manifest,5c7dea5a-13e3-482d-9eb0-29cb4603af27,0
2026-04-03T16:16:25.7414793Z,Running deployment command...,92a3752a-933d-4c20-bd1b-6f6ca816a610,0
	2026-04-03T16:16:25.7541582Z,Command: /opt/Kudu/Scripts/parallel_rsync.sh /tmp/zipdeploy/extracted /home/site/wwwroot 8 /tmp/ False False  ,,0
	2026-04-03T16:16:26.0587791Z,Run rsync from: /tmp/zipdeploy/extracted/ to: /home/site/wwwroot/ in 8 parallel threads,,0
	2026-04-03T16:16:26.1070432Z,Delete options: clean=False&comma; use manifest=False&comma; directory to ignore=,,0
	2026-04-03T16:16:26.1789082Z,Prev manifest = /home/site/deployments/8109edfc-6800-44bd-9869-c102c8d90917/manifest and next /home/site/deployments/c6b6d7bd-591a-450d-8bb5-cc3e00e46f75/manifest,,0
	2026-04-03T16:16:26.2289298Z,Cleaning up /tmp//filelist.txt and /tmp//splits,,0
	2026-04-03T16:16:26.3196399Z,Creating a list of all files at /tmp//filelist.txt,,0
	2026-04-03T16:16:26.3895851Z,No directory to exclude.,,0
	2026-04-03T16:16:26.4799786Z,Created /tmp//filelist.txt. Total number of files to be synced = 1.,,0
	2026-04-03T16:16:26.5389300Z,Created batches from the list of files. Processing 1 files in each thread,,0
	2026-04-03T16:16:26.7006424Z,Running rsync for filelist /tmp//splits/split.aa from /tmp/zipdeploy/extracted/ to /home/site/wwwroot/,,0
	2026-04-03T16:16:37.6731547Z,,,0
	2026-04-03T16:16:37.7110151Z,Number of files: 1 (reg: 1),,0
	2026-04-03T16:16:37.7344006Z,Number of created files: 0,,0
	2026-04-03T16:16:37.7566929Z,Number of deleted files: 0,,0
	2026-04-03T16:16:37.7747257Z,Number of regular files transferred: 1,,0
	2026-04-03T16:16:37.8071314Z,Total file size: 128.47M bytes,,0
	2026-04-03T16:16:37.8249569Z,Total transferred file size: 128.47M bytes,,0
	2026-04-03T16:16:37.8451490Z,Literal data: 128.47M bytes,,0
	2026-04-03T16:16:37.8649286Z,Matched data: 0 bytes,,0
	2026-04-03T16:16:37.8781047Z,File list size: 0,,0
	2026-04-03T16:16:37.8966509Z,File list generation time: 0.008 seconds,,0
	2026-04-03T16:16:37.9292900Z,File list transfer time: 0.000 seconds,,0
	2026-04-03T16:16:37.9722891Z,Total bytes sent: 113.68M,,0
	2026-04-03T16:16:37.9900706Z,Total bytes received: 35,,0
	2026-04-03T16:16:38.0082614Z,,,0
	2026-04-03T16:16:38.0211474Z,sent 113.68M bytes  received 35 bytes  9.88M bytes/sec,,0
	2026-04-03T16:16:38.0409074Z,total size is 128.47M  speedup is 1.13,,0
	2026-04-03T16:16:38.0595713Z,Attempt 1: Rsync for filelist /tmp//splits/split.aa completed with exit code 0,,0
	2026-04-03T16:16:38.0796052Z,Completed successfully in 11 seconds,,0
2026-04-03T16:16:38.2403225Z,Build completed succesfully.,9faddc54-c8e4-4603-9b14-2c67cb927d54,0
2026-04-03T16:16:38.4521520Z,Running post deployment command(s)...,c99cc6c9-b51f-4019-af56-76dd73bb67a5,0
2026-04-03T16:16:38.6018441Z,Triggering container recycle for OneDeploy by adding/updating restartTrigger.txt to the site root path,9b630807-daa0-4d37-97eb-180d92ee739a,0
2026-04-03T16:16:38.8184525Z,Deployment successful. deployer = OneDeploy deploymentPath = OneDeploy,c3588be4-cd6b-4ff3-a4e1-4a38d066b470,0
