2026-04-04T03:52:01.2967742Z,Updating submodules.,f16f6ced-159b-4d10-a4c0-046486c1f54f,0
2026-04-04T03:52:03.0610056Z,Preparing deployment for commit id '14915eb2-e'.,1ec5ed1b-4c87-49f6-b4ad-236a1605f8df,0
2026-04-04T03:52:05.4605557Z,PreDeployment: context.CleanOutputPath False,fbf097f7-2d87-4d9d-9a9b-2921a289bd30,0
2026-04-04T03:52:06.0507020Z,PreDeployment: context.OutputPath /home/site/wwwroot,dba47710-6d07-4ffe-b3fd-58111b24e920,0
2026-04-04T03:52:06.6142226Z,Running build. Project type: OneDeploy,a52baaf4-48eb-4c10-90db-da706f1365ea,0
2026-04-04T03:52:07.2146590Z,Copying the manifest,0c33cd47-9197-475c-b550-53cb6f62ad02,0
2026-04-04T03:52:08.1235265Z,Running deployment command...,3ac93dd4-9c8c-48e3-ad09-f5a194f535d4,0
	2026-04-04T03:52:08.2702666Z,Command: /opt/Kudu/Scripts/parallel_rsync.sh /tmp/zipdeploy/extracted /home/site/wwwroot 8 /tmp/ False False  ,,0
	2026-04-04T03:52:10.5307931Z,Run rsync from: /tmp/zipdeploy/extracted/ to: /home/site/wwwroot/ in 8 parallel threads,,0
	2026-04-04T03:52:10.8568275Z,Delete options: clean=False&comma; use manifest=False&comma; directory to ignore=,,0
	2026-04-04T03:52:11.3749507Z,Prev manifest = /home/site/deployments/5bf12abc-182c-443d-987d-a7083784a6cb/manifest and next /home/site/deployments/14915eb2-ed15-49fc-8423-3ae87be1d702/manifest,,0
	2026-04-04T03:52:11.5588889Z,Cleaning up /tmp//filelist.txt and /tmp//splits,,0
	2026-04-04T03:52:11.9645414Z,Creating a list of all files at /tmp//filelist.txt,,0
	2026-04-04T03:52:12.0412373Z,No directory to exclude.,,0
	2026-04-04T03:52:12.1509877Z,Created /tmp//filelist.txt. Total number of files to be synced = 1.,,0
	2026-04-04T03:52:12.2598952Z,Created batches from the list of files. Processing 1 files in each thread,,0
	2026-04-04T03:52:12.3502878Z,Running rsync for filelist /tmp//splits/split.aa from /tmp/zipdeploy/extracted/ to /home/site/wwwroot/,,0
	2026-04-04T03:52:45.0505977Z,,,0
	2026-04-04T03:52:45.1906670Z,Number of files: 1 (reg: 1),,0
	2026-04-04T03:52:45.3193795Z,Number of created files: 0,,0
	2026-04-04T03:52:45.4244696Z,Number of deleted files: 0,,0
	2026-04-04T03:52:45.4848026Z,Number of regular files transferred: 1,,0
	2026-04-04T03:52:45.5592715Z,Total file size: 128.48M bytes,,0
	2026-04-04T03:52:45.6065928Z,Total transferred file size: 128.48M bytes,,0
	2026-04-04T03:52:45.6628131Z,Literal data: 128.48M bytes,,0
	2026-04-04T03:52:45.7062505Z,Matched data: 0 bytes,,0
	2026-04-04T03:52:45.7549982Z,File list size: 0,,0
	2026-04-04T03:52:45.8484615Z,File list generation time: 0.038 seconds,,0
	2026-04-04T03:52:45.9172296Z,File list transfer time: 0.000 seconds,,0
	2026-04-04T03:52:45.9766912Z,Total bytes sent: 113.69M,,0
	2026-04-04T03:52:46.0437942Z,Total bytes received: 35,,0
	2026-04-04T03:52:46.0932031Z,,,0
	2026-04-04T03:52:46.1854511Z,sent 113.69M bytes  received 35 bytes  3.50M bytes/sec,,0
	2026-04-04T03:52:46.2838209Z,total size is 128.48M  speedup is 1.13,,0
	2026-04-04T03:52:46.3539106Z,Attempt 1: Rsync for filelist /tmp//splits/split.aa completed with exit code 0,,0
	2026-04-04T03:52:46.4048420Z,Completed successfully in 35 seconds,,0
2026-04-04T03:52:46.9004630Z,Build completed succesfully.,13273cf6-2769-4651-b64e-9882d768b57a,0
2026-04-04T03:52:47.2292941Z,Running post deployment command(s)...,5dfcfdd6-01f5-477e-8b94-a3b4fe3c8338,0
2026-04-04T03:52:47.7016001Z,Triggering container recycle for OneDeploy by adding/updating restartTrigger.txt to the site root path,d28e894c-3497-40d1-a926-abdb5e056a21,0
2026-04-04T03:52:48.2164889Z,Deployment successful. deployer = OneDeploy deploymentPath = OneDeploy,48024623-fa67-498d-b9f4-d60abc395892,0
